<?xml version="1.0" encoding="utf-8"?>
<CoverageSession xmlns:xsd="http://www.w3.org/2001/XMLSchema" xmlns:xsi="http://www.w3.org/2001/XMLSchema-instance">
  <Summary numSequencePoints="289" visitedSequencePoints="276" numBranchPoints="93" visitedBranchPoints="86" sequenceCoverage="95.50" branchCoverage="92.47" maxCyclomaticComplexity="4" minCyclomaticComplexity="1" />
  <Modules>
    <Module skippedDueTo="Filter" hash="6B-03-99-8B-61-84-C6-17-39-14-1E-83-89-39-DD-BE-16-43-28-CA">
      <FullName>C:\WINDOWS\assembly\GAC_64\mscorlib\2.0.0.0__b77a5c561934e089\mscorlib.dll</FullName>
      <ModuleName>mscorlib</ModuleName>
      <Classes />
    </Module>
    <Module skippedDueTo="Filter" hash="F9-04-A8-31-CD-FB-23-72-95-63-5D-14-9A-A0-66-8E-7F-44-93-7A">
      <FullName>C:\WINDOWS\assembly\GAC_64\mscorlib\2.0.0.0__b77a5c561934e089\sorttbls.nlp</FullName>
      <ModuleName>mscorlib</ModuleName>
      <Classes />
    </Module>
    <Module skippedDueTo="Filter" hash="6E-30-2E-50-36-FB-60-2C-8E-50-C0-83-54-8B-CC-EA-A8-91-B6-CC">
      <FullName>C:\WINDOWS\assembly\GAC_64\mscorlib\2.0.0.0__b77a5c561934e089\sortkey.nlp</FullName>
      <ModuleName>mscorlib</ModuleName>
      <Classes />
    </Module>
    <Module skippedDueTo="Filter" hash="9F-C3-2E-51-B5-EB-69-B9-60-21-42-1F-17-25-12-07-16-11-20-50">
      <FullName>D:\Backup_Eric\Workspace.hg\Pyxis\Persistance\Main\packages\NUnit.Runners.2.6.4\tools\nunit-console.exe</FullName>
      <ModuleName>nunit-console</ModuleName>
      <Classes />
    </Module>
    <Module skippedDueTo="Filter" hash="F2-ED-FF-09-01-C9-D7-BC-29-AC-A6-93-C5-97-8A-0D-43-DD-8D-F2">
      <FullName>D:\Backup_Eric\Workspace.hg\Pyxis\Persistance\Main\packages\NUnit.Runners.2.6.4\tools\lib\nunit-console-runner.dll</FullName>
      <ModuleName>nunit-console-runner</ModuleName>
      <Classes />
    </Module>
    <Module skippedDueTo="Filter" hash="36-B9-FF-C0-07-EA-59-4D-23-2E-FD-CD-5A-45-CF-C0-2C-42-2A-98">
      <FullName>D:\Backup_Eric\Workspace.hg\Pyxis\Persistance\Main\packages\NUnit.Runners.2.6.4\tools\lib\nunit.core.dll</FullName>
      <ModuleName>nunit.core</ModuleName>
      <Classes />
    </Module>
    <Module skippedDueTo="Filter" hash="14-C3-4B-3E-39-7A-EE-C0-B9-2F-83-44-2F-04-8A-F7-48-7B-67-DE">
      <FullName>D:\Backup_Eric\Workspace.hg\Pyxis\Persistance\Main\packages\NUnit.Runners.2.6.4\tools\lib\nunit.util.dll</FullName>
      <ModuleName>nunit.util</ModuleName>
      <Classes />
    </Module>
    <Module skippedDueTo="Filter" hash="5E-95-A6-AD-88-48-98-B1-62-7F-4E-5A-C1-0E-F3-B7-85-56-44-E8">
      <FullName>D:\Backup_Eric\Workspace.hg\Pyxis\Persistance\Main\packages\NUnit.Runners.2.6.4\tools\lib\nunit.core.interfaces.dll</FullName>
      <ModuleName>nunit.core.interfaces</ModuleName>
      <Classes />
    </Module>
    <Module skippedDueTo="Filter" hash="37-46-66-3A-94-3A-7A-CC-2A-00-A1-E9-E5-62-BF-FD-E7-59-AC-B4">
      <FullName>C:\WINDOWS\assembly\GAC_MSIL\System.Configuration\2.0.0.0__b03f5f7f11d50a3a\System.Configuration.dll</FullName>
      <ModuleName>System.Configuration</ModuleName>
      <Classes />
    </Module>
    <Module skippedDueTo="Filter" hash="DE-AB-D5-72-61-25-B2-57-1F-1F-46-F0-8A-A7-C3-22-6B-7E-FD-7A">
      <FullName>C:\WINDOWS\assembly\GAC_MSIL\System\2.0.0.0__b77a5c561934e089\System.dll</FullName>
      <ModuleName>System</ModuleName>
      <Classes />
    </Module>
    <Module skippedDueTo="Filter" hash="72-83-33-8B-B3-FC-10-6C-9E-1A-3D-46-13-6D-A3-D2-16-DF-BF-6A">
      <FullName>C:\WINDOWS\assembly\GAC_MSIL\System.Xml\2.0.0.0__b77a5c561934e089\System.Xml.dll</FullName>
      <ModuleName>System.Xml</ModuleName>
      <Classes />
    </Module>
    <Module skippedDueTo="Filter" hash="33-B9-58-95-DD-EF-7F-62-9C-B4-3C-77-45-57-55-78-58-E8-D9-9F">
      <FullName>C:\WINDOWS\assembly\GAC_MSIL\System.Runtime.Remoting\2.0.0.0__b77a5c561934e089\System.Runtime.Remoting.dll</FullName>
      <ModuleName>System.Runtime.Remoting</ModuleName>
      <Classes />
    </Module>
    <Module skippedDueTo="Filter" hash="98-23-0F-C8-CC-3A-21-FE-6F-E0-A9-97-6A-5C-D9-79-8D-83-61-D8">
      <FullName>C:\WINDOWS\Microsoft.Net\assembly\GAC_64\mscorlib\v4.0_4.0.0.0__b77a5c561934e089\mscorlib.dll</FullName>
      <ModuleName>mscorlib</ModuleName>
      <Classes />
    </Module>
    <Module skippedDueTo="Filter" hash="E8-07-A4-A1-06-33-5B-A6-17-CF-DC-6F-28-47-58-85-D6-9F-6B-46">
      <FullName>D:\Backup_Eric\Workspace.hg\Pyxis\Persistance\Main\packages\NUnit.Runners.2.6.4\tools\nunit-agent.exe</FullName>
      <ModuleName>nunit-agent</ModuleName>
      <Classes />
    </Module>
    <Module skippedDueTo="Filter" hash="36-B9-FF-C0-07-EA-59-4D-23-2E-FD-CD-5A-45-CF-C0-2C-42-2A-98">
      <FullName>D:\Backup_Eric\Workspace.hg\Pyxis\Persistance\Main\packages\NUnit.Runners.2.6.4\tools\lib\nunit.core.dll</FullName>
      <ModuleName>nunit.core</ModuleName>
      <Classes />
    </Module>
    <Module skippedDueTo="Filter" hash="14-C3-4B-3E-39-7A-EE-C0-B9-2F-83-44-2F-04-8A-F7-48-7B-67-DE">
      <FullName>D:\Backup_Eric\Workspace.hg\Pyxis\Persistance\Main\packages\NUnit.Runners.2.6.4\tools\lib\nunit.util.dll</FullName>
      <ModuleName>nunit.util</ModuleName>
      <Classes />
    </Module>
    <Module skippedDueTo="Filter" hash="5E-95-A6-AD-88-48-98-B1-62-7F-4E-5A-C1-0E-F3-B7-85-56-44-E8">
      <FullName>D:\Backup_Eric\Workspace.hg\Pyxis\Persistance\Main\packages\NUnit.Runners.2.6.4\tools\lib\nunit.core.interfaces.dll</FullName>
      <ModuleName>nunit.core.interfaces</ModuleName>
      <Classes />
    </Module>
    <Module skippedDueTo="Filter" hash="14-EE-03-D7-75-4C-A4-7D-7D-56-1B-38-DD-F3-EE-4C-FD-B8-7F-75">
      <FullName>C:\WINDOWS\Microsoft.Net\assembly\GAC_MSIL\System\v4.0_4.0.0.0__b77a5c561934e089\System.dll</FullName>
      <ModuleName>System</ModuleName>
      <Classes />
    </Module>
    <Module skippedDueTo="Filter" hash="9C-FE-E2-A6-9F-FD-D5-B5-60-E4-1D-A6-78-A7-71-C0-A5-E7-22-B1">
      <FullName>C:\WINDOWS\Microsoft.Net\assembly\GAC_MSIL\System.Runtime.Remoting\v4.0_4.0.0.0__b77a5c561934e089\System.Runtime.Remoting.dll</FullName>
      <ModuleName>System.Runtime.Remoting</ModuleName>
      <Classes />
    </Module>
    <Module skippedDueTo="Filter" hash="49-F6-B9-FA-89-1F-12-21-02-F2-B4-EB-98-8E-A0-5F-9D-8D-B9-EB">
      <FullName>C:\WINDOWS\Microsoft.Net\assembly\GAC_MSIL\System.Configuration\v4.0_4.0.0.0__b03f5f7f11d50a3a\System.Configuration.dll</FullName>
      <ModuleName>System.Configuration</ModuleName>
      <Classes />
    </Module>
    <Module skippedDueTo="Filter" hash="14-44-50-38-34-98-5F-C6-45-8B-50-B5-CF-D7-E1-0A-28-8F-5E-E8">
      <FullName>C:\WINDOWS\Microsoft.Net\assembly\GAC_MSIL\System.Xml\v4.0_4.0.0.0__b77a5c561934e089\System.Xml.dll</FullName>
      <ModuleName>System.Xml</ModuleName>
      <Classes />
    </Module>
    <Module skippedDueTo="Filter" hash="1B-0C-C3-F2-9F-9D-FA-A0-48-C8-1D-B5-D5-A1-D4-7F-CB-CB-94-2F">
      <FullName>C:\WINDOWS\Microsoft.Net\assembly\GAC_64\System.Web\v4.0_4.0.0.0__b03f5f7f11d50a3a\System.Web.dll</FullName>
      <ModuleName>System.Web</ModuleName>
      <Classes />
    </Module>
    <Module skippedDueTo="Filter" hash="1F-AB-EC-E2-05-0F-B6-9D-E2-20-0E-A4-87-E4-F7-7B-90-85-FA-6D">
      <FullName>C:\WINDOWS\assembly\GAC_64\System.Web\2.0.0.0__b03f5f7f11d50a3a\System.Web.dll</FullName>
      <ModuleName>System.Web</ModuleName>
      <Classes />
    </Module>
    <Module skippedDueTo="Filter" hash="36-B9-FF-C0-07-EA-59-4D-23-2E-FD-CD-5A-45-CF-C0-2C-42-2A-98">
      <FullName>D:\Backup_Eric\Workspace.hg\Pyxis\Persistance\Main\packages\NUnit.Runners.2.6.4\tools\lib\nunit.core.dll</FullName>
      <ModuleName>nunit.core</ModuleName>
      <Classes />
    </Module>
    <Module skippedDueTo="Filter" hash="14-EE-03-D7-75-4C-A4-7D-7D-56-1B-38-DD-F3-EE-4C-FD-B8-7F-75">
      <FullName>C:\WINDOWS\Microsoft.Net\assembly\GAC_MSIL\System\v4.0_4.0.0.0__b77a5c561934e089\System.dll</FullName>
      <ModuleName>System</ModuleName>
      <Classes />
    </Module>
    <Module skippedDueTo="Filter" hash="53-25-23-C6-63-70-35-C6-0C-82-04-1A-0A-BF-1A-E7-1F-EA-74-A3">
      <FullName>D:\Backup_Eric\Workspace.hg\Pyxis\Persistance\Main\packages\NUnit.Runners.2.6.4\tools\pnunit.framework.dll</FullName>
      <ModuleName>pnunit.framework</ModuleName>
      <Classes />
    </Module>
    <Module skippedDueTo="Filter" hash="21-69-E9-47-C6-F8-02-12-31-E6-18-DE-8E-43-24-C9-AB-F7-C2-BE">
      <FullName>D:\Backup_Eric\Workspace.hg\Pyxis\Persistance\Main\packages\NUnit.Runners.2.6.4\tools\pnunit-agent.exe</FullName>
      <ModuleName>pnunit-agent</ModuleName>
      <Classes />
    </Module>
    <Module skippedDueTo="Filter" hash="5E-95-A6-AD-88-48-98-B1-62-7F-4E-5A-C1-0E-F3-B7-85-56-44-E8">
      <FullName>D:\Backup_Eric\Workspace.hg\Pyxis\Persistance\Main\packages\NUnit.Runners.2.6.4\tools\lib\nunit.core.interfaces.dll</FullName>
      <ModuleName>nunit.core.interfaces</ModuleName>
      <Classes />
    </Module>
    <Module skippedDueTo="Filter" hash="B6-7F-4A-B6-84-E6-0E-13-D9-92-3B-B4-50-E9-E2-83-3D-BE-9E-29">
      <FullName>D:\Backup_Eric\Workspace.hg\Pyxis\Persistance\Main\Pyxis.Persistance.Tests\bin\debug\Pyxis.Persistance.Tests.dll</FullName>
      <ModuleName>Pyxis.Persistance.Tests</ModuleName>
      <Classes />
    </Module>
    <Module skippedDueTo="Filter" hash="88-32-88-7D-EA-F6-47-D8-9D-D1-10-E5-DB-C1-D3-97-03-28-D7-60">
      <FullName>D:\Backup_Eric\Workspace.hg\Pyxis\Persistance\Main\Pyxis.Persistance.Tests\bin\debug\Pyxis.Core.dll</FullName>
      <ModuleName>Pyxis.Core</ModuleName>
      <Classes />
    </Module>
    <Module skippedDueTo="Filter" hash="A2-D0-DB-C9-20-FB-37-90-D4-D6-25-E5-C4-7B-E0-42-CA-32-C0-51">
      <FullName>D:\Backup_Eric\Workspace.hg\Pyxis\Persistance\Main\Pyxis.Persistance.Tests\bin\debug\nunit.framework.dll</FullName>
      <ModuleName>nunit.framework</ModuleName>
      <Classes />
    </Module>
    <Module skippedDueTo="Filter" hash="F2-ED-FF-09-01-C9-D7-BC-29-AC-A6-93-C5-97-8A-0D-43-DD-8D-F2">
      <FullName>D:\Backup_Eric\Workspace.hg\Pyxis\Persistance\Main\packages\NUnit.Runners.2.6.4\tools\lib\nunit-console-runner.dll</FullName>
      <ModuleName>nunit-console-runner</ModuleName>
      <Classes />
    </Module>
    <Module skippedDueTo="Filter" hash="9C-FE-E2-A6-9F-FD-D5-B5-60-E4-1D-A6-78-A7-71-C0-A5-E7-22-B1">
      <FullName>C:\WINDOWS\Microsoft.Net\assembly\GAC_MSIL\System.Runtime.Remoting\v4.0_4.0.0.0__b77a5c561934e089\System.Runtime.Remoting.dll</FullName>
      <ModuleName>System.Runtime.Remoting</ModuleName>
      <Classes />
    </Module>
    <Module skippedDueTo="Filter" hash="49-F6-B9-FA-89-1F-12-21-02-F2-B4-EB-98-8E-A0-5F-9D-8D-B9-EB">
      <FullName>C:\WINDOWS\Microsoft.Net\assembly\GAC_MSIL\System.Configuration\v4.0_4.0.0.0__b03f5f7f11d50a3a\System.Configuration.dll</FullName>
      <ModuleName>System.Configuration</ModuleName>
      <Classes />
    </Module>
    <Module skippedDueTo="Filter" hash="14-44-50-38-34-98-5F-C6-45-8B-50-B5-CF-D7-E1-0A-28-8F-5E-E8">
      <FullName>C:\WINDOWS\Microsoft.Net\assembly\GAC_MSIL\System.Xml\v4.0_4.0.0.0__b77a5c561934e089\System.Xml.dll</FullName>
      <ModuleName>System.Xml</ModuleName>
      <Classes />
    </Module>
    <Module hash="E5-A6-D5-C8-27-EE-45-2B-E4-90-84-7C-2E-0A-40-1F-B2-AC-70-DB">
      <Summary numSequencePoints="289" visitedSequencePoints="276" numBranchPoints="93" visitedBranchPoints="86" sequenceCoverage="95.50" branchCoverage="92.47" maxCyclomaticComplexity="4" minCyclomaticComplexity="1" />
      <FullName>D:\Backup_Eric\Workspace.hg\Pyxis\Persistance\Main\Pyxis.Persistance.Tests\bin\debug\Pyxis.Persistance.dll</FullName>
      <ModuleName>Pyxis.Persistance</ModuleName>
      <Files>
        <File uid="1" fullPath="D:\Backup_Eric\Workspace.hg\Pyxis\Persistance\Main\Pyxis.Persistance\MemoryPersistance.cs" />
        <File uid="3" fullPath="D:\Backup_Eric\Workspace.hg\Pyxis\Persistance\Main\Pyxis.Persistance\Query\QueryElement.cs" />
        <File uid="4" fullPath="D:\Backup_Eric\Workspace.hg\Pyxis\Persistance\Main\Pyxis.Persistance\Container\PersistedObject.cs" />
        <File uid="5" fullPath="D:\Backup_Eric\Workspace.hg\Pyxis\Persistance\Main\Pyxis.Persistance\Container\PersistedString.cs" />
        <File uid="6" fullPath="D:\Backup_Eric\Workspace.hg\Pyxis\Persistance\Main\Pyxis.Persistance\Serialization\BinarySerializer.cs" />
        <File uid="7" fullPath="D:\Backup_Eric\Workspace.hg\Pyxis\Persistance\Main\Pyxis.Persistance\Serialization\JSonSerializer.cs" />
        <File uid="8" fullPath="D:\Backup_Eric\Workspace.hg\Pyxis\Persistance\Main\Pyxis.Persistance\Serialization\SerializerFactory.cs" />
        <File uid="9" fullPath="D:\Backup_Eric\Workspace.hg\Pyxis\Persistance\Main\Pyxis.Persistance\Filesystem\FileUtils.cs" />
        <File uid="10" fullPath="D:\Backup_Eric\Workspace.hg\Pyxis\Persistance\Main\Pyxis.Persistance\Filesystem\FileSystemPersistance.cs" />
      </Files>
      <Classes>
        <Class>
          <Summary numSequencePoints="0" visitedSequencePoints="0" numBranchPoints="0" visitedBranchPoints="0" sequenceCoverage="0" branchCoverage="0" maxCyclomaticComplexity="0" minCyclomaticComplexity="0" />
          <FullName>&lt;Module&gt;</FullName>
          <Methods />
        </Class>
        <Class>
          <Summary numSequencePoints="93" visitedSequencePoints="87" numBranchPoints="34" visitedBranchPoints="31" sequenceCoverage="93.55" branchCoverage="91.18" maxCyclomaticComplexity="3" minCyclomaticComplexity="1" />
          <FullName>Pyxis.Persistance.MemoryPersistance</FullName>
          <Methods>
            <Method visited="true" cyclomaticComplexity="1" sequenceCoverage="100" branchCoverage="100" isConstructor="false" isStatic="false" isGetter="false" isSetter="false">
              <Summary numSequencePoints="6" visitedSequencePoints="6" numBranchPoints="1" visitedBranchPoints="1" sequenceCoverage="100" branchCoverage="100" maxCyclomaticComplexity="1" minCyclomaticComplexity="1" />
              <MetadataToken>100663308</MetadataToken>
              <Name>System.Void Pyxis.Persistance.MemoryPersistance::Save(T,System.String)</Name>
              <FileRef uid="1" />
              <SequencePoints>
                <SequencePoint vc="16" uspid="1" ordinal="0" offset="0" sl="17" sc="9" el="17" ec="10" bec="0" bev="0" fileid="1" />
                <SequencePoint vc="16" uspid="2" ordinal="1" offset="1" sl="18" sc="13" el="18" ec="35" bec="0" bev="0" fileid="1" />
                <SequencePoint vc="16" uspid="3" ordinal="2" offset="9" sl="19" sc="13" el="19" ec="54" bec="0" bev="0" fileid="1" />
                <SequencePoint vc="16" uspid="4" ordinal="3" offset="17" sl="20" sc="13" el="20" ec="56" bec="0" bev="0" fileid="1" />
                <SequencePoint vc="16" uspid="5" ordinal="4" offset="35" sl="21" sc="13" el="21" ec="53" bec="0" bev="0" fileid="1" />
                <SequencePoint vc="16" uspid="6" ordinal="5" offset="54" sl="22" sc="9" el="22" ec="10" bec="0" bev="0" fileid="1" />
              </SequencePoints>
              <BranchPoints />
              <MethodPoint xsi:type="SequencePoint" vc="16" uspid="1" ordinal="0" offset="0" sl="17" sc="9" el="17" ec="10" bec="0" bev="0" fileid="1" />
            </Method>
            <Method visited="true" cyclomaticComplexity="3" sequenceCoverage="100" branchCoverage="100" isConstructor="false" isStatic="false" isGetter="false" isSetter="false">
              <Summary numSequencePoints="12" visitedSequencePoints="12" numBranchPoints="5" visitedBranchPoints="5" sequenceCoverage="100" branchCoverage="100" maxCyclomaticComplexity="3" minCyclomaticComplexity="3" />
              <MetadataToken>100663309</MetadataToken>
              <Name>System.Void Pyxis.Persistance.MemoryPersistance::Save(System.Collections.Generic.IEnumerable`1&lt;T&gt;,System.String)</Name>
              <FileRef uid="1" />
              <SequencePoints>
                <SequencePoint vc="7" uspid="7" ordinal="0" offset="0" sl="25" sc="9" el="25" ec="10" bec="0" bev="0" fileid="1" />
                <SequencePoint vc="7" uspid="8" ordinal="1" offset="1" sl="26" sc="13" el="26" ec="54" bec="0" bev="0" fileid="1" />
                <SequencePoint vc="7" uspid="9" ordinal="2" offset="9" sl="27" sc="13" el="27" ec="20" bec="0" bev="0" fileid="1" />
                <SequencePoint vc="7" uspid="10" ordinal="3" offset="10" sl="27" sc="34" el="27" ec="71" bec="2" bev="2" fileid="1" />
                <SequencePoint vc="15" uspid="11" ordinal="4" offset="57" sl="27" sc="22" el="27" ec="30" bec="0" bev="0" fileid="1" />
                <SequencePoint vc="15" uspid="12" ordinal="5" offset="65" sl="28" sc="13" el="28" ec="14" bec="0" bev="0" fileid="1" />
                <SequencePoint vc="15" uspid="13" ordinal="6" offset="66" sl="29" sc="17" el="29" ec="36" bec="0" bev="0" fileid="1" />
                <SequencePoint vc="15" uspid="14" ordinal="7" offset="74" sl="30" sc="17" el="30" ec="57" bec="0" bev="0" fileid="1" />
                <SequencePoint vc="15" uspid="15" ordinal="8" offset="93" sl="31" sc="17" el="31" ec="54" bec="0" bev="0" fileid="1" />
                <SequencePoint vc="15" uspid="16" ordinal="9" offset="113" sl="32" sc="13" el="32" ec="14" bec="0" bev="0" fileid="1" />
                <SequencePoint vc="22" uspid="17" ordinal="10" offset="118" sl="27" sc="31" el="27" ec="33" bec="2" bev="2" fileid="1" />
                <SequencePoint vc="7" uspid="18" ordinal="11" offset="124" sl="33" sc="9" el="33" ec="10" bec="0" bev="0" fileid="1" />
              </SequencePoints>
              <BranchPoints>
                <BranchPoint vc="2" uspid="19" ordinal="0" offset="17" sl="27" path="0" offsetend="19" fileid="1" />
                <BranchPoint vc="5" uspid="20" ordinal="1" offset="17" sl="27" path="1" offsetend="42" fileid="1" />
                <BranchPoint vc="7" uspid="21" ordinal="2" offset="122" sl="27" path="0" offsetend="124" fileid="1" />
                <BranchPoint vc="15" uspid="22" ordinal="3" offset="122" sl="27" path="1" offsetend="57" fileid="1" />
              </BranchPoints>
              <MethodPoint xsi:type="SequencePoint" vc="7" uspid="7" ordinal="0" offset="0" sl="25" sc="9" el="25" ec="10" bec="0" bev="0" fileid="1" />
            </Method>
            <Method visited="true" cyclomaticComplexity="1" sequenceCoverage="100" branchCoverage="100" isConstructor="false" isStatic="true" isGetter="false" isSetter="false">
              <Summary numSequencePoints="4" visitedSequencePoints="4" numBranchPoints="1" visitedBranchPoints="1" sequenceCoverage="100" branchCoverage="100" maxCyclomaticComplexity="1" minCyclomaticComplexity="1" />
              <MetadataToken>100663310</MetadataToken>
              <Name>T Pyxis.Persistance.MemoryPersistance::DeepCopy(T)</Name>
              <FileRef uid="1" />
              <SequencePoints>
                <SequencePoint vc="31" uspid="23" ordinal="0" offset="0" sl="36" sc="9" el="36" ec="10" bec="0" bev="0" fileid="1" />
                <SequencePoint vc="31" uspid="24" ordinal="1" offset="1" sl="37" sc="13" el="37" ec="76" bec="0" bev="0" fileid="1" />
                <SequencePoint vc="31" uspid="25" ordinal="2" offset="8" sl="38" sc="13" el="38" ec="85" bec="0" bev="0" fileid="1" />
                <SequencePoint vc="31" uspid="26" ordinal="3" offset="24" sl="39" sc="9" el="39" ec="10" bec="0" bev="0" fileid="1" />
              </SequencePoints>
              <BranchPoints />
              <MethodPoint xsi:type="SequencePoint" vc="31" uspid="23" ordinal="0" offset="0" sl="36" sc="9" el="36" ec="10" bec="0" bev="0" fileid="1" />
            </Method>
            <Method visited="true" cyclomaticComplexity="3" sequenceCoverage="100" branchCoverage="100" isConstructor="false" isStatic="false" isGetter="false" isSetter="false">
              <Summary numSequencePoints="5" visitedSequencePoints="5" numBranchPoints="3" visitedBranchPoints="3" sequenceCoverage="100" branchCoverage="100" maxCyclomaticComplexity="3" minCyclomaticComplexity="3" />
              <MetadataToken>100663311</MetadataToken>
              <Name>T Pyxis.Persistance.MemoryPersistance::Get(System.String,System.String)</Name>
              <FileRef uid="1" />
              <SequencePoints>
                <SequencePoint vc="18" uspid="27" ordinal="0" offset="0" sl="42" sc="9" el="42" ec="10" bec="0" bev="0" fileid="1" />
                <SequencePoint vc="18" uspid="28" ordinal="1" offset="1" sl="43" sc="13" el="43" ec="54" bec="0" bev="0" fileid="1" />
                <SequencePoint vc="18" uspid="29" ordinal="2" offset="9" sl="44" sc="13" el="44" ec="38" bec="0" bev="0" fileid="1" />
                <SequencePoint vc="18" uspid="30" ordinal="3" offset="18" sl="45" sc="13" el="45" ec="78" bec="2" bev="2" fileid="1" />
                <SequencePoint vc="18" uspid="31" ordinal="4" offset="58" sl="46" sc="9" el="46" ec="10" bec="0" bev="0" fileid="1" />
              </SequencePoints>
              <BranchPoints>
                <BranchPoint vc="3" uspid="32" ordinal="0" offset="25" sl="45" path="0" offsetend="27" fileid="1" />
                <BranchPoint vc="15" uspid="33" ordinal="1" offset="25" sl="45" path="1" offsetend="38" fileid="1" />
              </BranchPoints>
              <MethodPoint xsi:type="SequencePoint" vc="18" uspid="27" ordinal="0" offset="0" sl="42" sc="9" el="42" ec="10" bec="0" bev="0" fileid="1" />
            </Method>
            <Method visited="true" cyclomaticComplexity="2" sequenceCoverage="100" branchCoverage="100" isConstructor="false" isStatic="false" isGetter="false" isSetter="false">
              <Summary numSequencePoints="11" visitedSequencePoints="11" numBranchPoints="3" visitedBranchPoints="3" sequenceCoverage="100" branchCoverage="100" maxCyclomaticComplexity="2" minCyclomaticComplexity="2" />
              <MetadataToken>100663312</MetadataToken>
              <Name>System.Void Pyxis.Persistance.MemoryPersistance::Delete(System.String[],System.String)</Name>
              <FileRef uid="1" />
              <SequencePoints>
                <SequencePoint vc="1" uspid="34" ordinal="0" offset="0" sl="49" sc="9" el="49" ec="10" bec="0" bev="0" fileid="1" />
                <SequencePoint vc="1" uspid="35" ordinal="1" offset="1" sl="50" sc="13" el="50" ec="54" bec="0" bev="0" fileid="1" />
                <SequencePoint vc="1" uspid="36" ordinal="2" offset="9" sl="51" sc="13" el="51" ec="20" bec="0" bev="0" fileid="1" />
                <SequencePoint vc="1" uspid="37" ordinal="3" offset="10" sl="51" sc="33" el="51" ec="37" bec="0" bev="0" fileid="1" />
                <SequencePoint vc="1" uspid="38" ordinal="4" offset="16" sl="51" sc="22" el="51" ec="29" bec="0" bev="0" fileid="1" />
                <SequencePoint vc="1" uspid="39" ordinal="5" offset="20" sl="52" sc="13" el="52" ec="14" bec="0" bev="0" fileid="1" />
                <SequencePoint vc="1" uspid="40" ordinal="6" offset="21" sl="53" sc="17" el="53" ec="54" bec="0" bev="0" fileid="1" />
                <SequencePoint vc="1" uspid="41" ordinal="7" offset="30" sl="54" sc="17" el="54" ec="45" bec="0" bev="0" fileid="1" />
                <SequencePoint vc="1" uspid="42" ordinal="8" offset="39" sl="55" sc="13" el="55" ec="14" bec="0" bev="0" fileid="1" />
                <SequencePoint vc="2" uspid="43" ordinal="9" offset="44" sl="51" sc="30" el="51" ec="32" bec="2" bev="2" fileid="1" />
                <SequencePoint vc="1" uspid="44" ordinal="10" offset="50" sl="56" sc="9" el="56" ec="10" bec="0" bev="0" fileid="1" />
              </SequencePoints>
              <BranchPoints>
                <BranchPoint vc="1" uspid="45" ordinal="0" offset="48" sl="51" path="0" offsetend="50" fileid="1" />
                <BranchPoint vc="1" uspid="46" ordinal="1" offset="48" sl="51" path="1" offsetend="16" fileid="1" />
              </BranchPoints>
              <MethodPoint xsi:type="SequencePoint" vc="1" uspid="34" ordinal="0" offset="0" sl="49" sc="9" el="49" ec="10" bec="0" bev="0" fileid="1" />
            </Method>
            <Method visited="true" cyclomaticComplexity="1" sequenceCoverage="100" branchCoverage="100" isConstructor="false" isStatic="false" isGetter="false" isSetter="false">
              <Summary numSequencePoints="3" visitedSequencePoints="3" numBranchPoints="1" visitedBranchPoints="1" sequenceCoverage="100" branchCoverage="100" maxCyclomaticComplexity="1" minCyclomaticComplexity="1" />
              <MetadataToken>100663313</MetadataToken>
              <Name>System.Void Pyxis.Persistance.MemoryPersistance::Delete(System.String,System.String)</Name>
              <FileRef uid="1" />
              <SequencePoints>
                <SequencePoint vc="1" uspid="47" ordinal="0" offset="0" sl="59" sc="9" el="59" ec="10" bec="0" bev="0" fileid="1" />
                <SequencePoint vc="1" uspid="48" ordinal="1" offset="1" sl="60" sc="13" el="60" ec="45" bec="0" bev="0" fileid="1" />
                <SequencePoint vc="1" uspid="49" ordinal="2" offset="19" sl="61" sc="9" el="61" ec="10" bec="0" bev="0" fileid="1" />
              </SequencePoints>
              <BranchPoints />
              <MethodPoint xsi:type="SequencePoint" vc="1" uspid="47" ordinal="0" offset="0" sl="59" sc="9" el="59" ec="10" bec="0" bev="0" fileid="1" />
            </Method>
            <Method visited="true" cyclomaticComplexity="1" sequenceCoverage="100" branchCoverage="100" isConstructor="false" isStatic="false" isGetter="false" isSetter="false">
              <Summary numSequencePoints="4" visitedSequencePoints="4" numBranchPoints="1" visitedBranchPoints="1" sequenceCoverage="100" branchCoverage="100" maxCyclomaticComplexity="1" minCyclomaticComplexity="1" />
              <MetadataToken>100663314</MetadataToken>
              <Name>System.Boolean Pyxis.Persistance.MemoryPersistance::Any(System.String)</Name>
              <FileRef uid="1" />
              <SequencePoints>
                <SequencePoint vc="2" uspid="50" ordinal="0" offset="0" sl="64" sc="9" el="64" ec="10" bec="0" bev="0" fileid="1" />
                <SequencePoint vc="2" uspid="51" ordinal="1" offset="1" sl="65" sc="13" el="65" ec="57" bec="0" bev="0" fileid="1" />
                <SequencePoint vc="2" uspid="52" ordinal="2" offset="9" sl="66" sc="13" el="66" ec="56" bec="0" bev="0" fileid="1" />
                <SequencePoint vc="2" uspid="53" ordinal="3" offset="28" sl="67" sc="9" el="67" ec="10" bec="0" bev="0" fileid="1" />
              </SequencePoints>
              <BranchPoints />
              <MethodPoint xsi:type="SequencePoint" vc="2" uspid="50" ordinal="0" offset="0" sl="64" sc="9" el="64" ec="10" bec="0" bev="0" fileid="1" />
            </Method>
            <Method visited="false" cyclomaticComplexity="1" sequenceCoverage="0" branchCoverage="0" isConstructor="false" isStatic="false" isGetter="false" isSetter="false">
              <Summary numSequencePoints="4" visitedSequencePoints="0" numBranchPoints="1" visitedBranchPoints="0" sequenceCoverage="0" branchCoverage="0" maxCyclomaticComplexity="1" minCyclomaticComplexity="1" />
              <MetadataToken>100663315</MetadataToken>
              <Name>System.Void Pyxis.Persistance.MemoryPersistance::Purge(System.String)</Name>
              <FileRef uid="1" />
              <SequencePoints>
                <SequencePoint vc="0" uspid="54" ordinal="0" offset="0" sl="70" sc="9" el="70" ec="10" bec="0" bev="0" fileid="1" />
                <SequencePoint vc="0" uspid="55" ordinal="1" offset="1" sl="71" sc="13" el="71" ec="57" bec="0" bev="0" fileid="1" />
                <SequencePoint vc="0" uspid="56" ordinal="2" offset="9" sl="72" sc="13" el="72" ec="44" bec="0" bev="0" fileid="1" />
                <SequencePoint vc="0" uspid="57" ordinal="3" offset="26" sl="73" sc="9" el="73" ec="10" bec="0" bev="0" fileid="1" />
              </SequencePoints>
              <BranchPoints />
              <MethodPoint xsi:type="SequencePoint" vc="0" uspid="54" ordinal="0" offset="0" sl="70" sc="9" el="70" ec="10" bec="0" bev="0" fileid="1" />
            </Method>
            <Method visited="true" cyclomaticComplexity="1" sequenceCoverage="100" branchCoverage="100" isConstructor="false" isStatic="false" isGetter="false" isSetter="false">
              <Summary numSequencePoints="4" visitedSequencePoints="4" numBranchPoints="1" visitedBranchPoints="1" sequenceCoverage="100" branchCoverage="100" maxCyclomaticComplexity="1" minCyclomaticComplexity="1" />
              <MetadataToken>100663316</MetadataToken>
              <Name>System.Void Pyxis.Persistance.MemoryPersistance::Purge(System.String)</Name>
              <FileRef uid="1" />
              <SequencePoints>
                <SequencePoint vc="3" uspid="58" ordinal="0" offset="0" sl="76" sc="9" el="76" ec="10" bec="0" bev="0" fileid="1" />
                <SequencePoint vc="3" uspid="59" ordinal="1" offset="1" sl="77" sc="13" el="77" ec="67" bec="0" bev="0" fileid="1" />
                <SequencePoint vc="3" uspid="60" ordinal="2" offset="8" sl="78" sc="13" el="78" ec="50" bec="0" bev="0" fileid="1" />
                <SequencePoint vc="3" uspid="61" ordinal="3" offset="21" sl="79" sc="9" el="79" ec="10" bec="0" bev="0" fileid="1" />
              </SequencePoints>
              <BranchPoints />
              <MethodPoint xsi:type="SequencePoint" vc="3" uspid="58" ordinal="0" offset="0" sl="76" sc="9" el="76" ec="10" bec="0" bev="0" fileid="1" />
            </Method>
            <Method visited="true" cyclomaticComplexity="1" sequenceCoverage="100" branchCoverage="100" isConstructor="false" isStatic="false" isGetter="false" isSetter="false">
              <Summary numSequencePoints="4" visitedSequencePoints="4" numBranchPoints="1" visitedBranchPoints="1" sequenceCoverage="100" branchCoverage="100" maxCyclomaticComplexity="1" minCyclomaticComplexity="1" />
              <MetadataToken>100663317</MetadataToken>
              <Name>System.Collections.Generic.IEnumerable`1&lt;T&gt; Pyxis.Persistance.MemoryPersistance::GetAll(System.String)</Name>
              <FileRef uid="1" />
              <SequencePoints>
                <SequencePoint vc="11" uspid="62" ordinal="0" offset="0" sl="82" sc="9" el="82" ec="10" bec="0" bev="0" fileid="1" />
                <SequencePoint vc="11" uspid="63" ordinal="1" offset="1" sl="83" sc="13" el="83" ec="54" bec="0" bev="0" fileid="1" />
                <SequencePoint vc="11" uspid="64" ordinal="2" offset="9" sl="84" sc="13" el="84" ec="55" bec="0" bev="0" fileid="1" />
                <SequencePoint vc="11" uspid="65" ordinal="3" offset="28" sl="85" sc="9" el="85" ec="10" bec="0" bev="0" fileid="1" />
              </SequencePoints>
              <BranchPoints />
              <MethodPoint xsi:type="SequencePoint" vc="11" uspid="62" ordinal="0" offset="0" sl="82" sc="9" el="82" ec="10" bec="0" bev="0" fileid="1" />
            </Method>
            <Method visited="true" cyclomaticComplexity="1" sequenceCoverage="100" branchCoverage="100" isConstructor="false" isStatic="false" isGetter="false" isSetter="false">
              <Summary numSequencePoints="3" visitedSequencePoints="3" numBranchPoints="1" visitedBranchPoints="1" sequenceCoverage="100" branchCoverage="100" maxCyclomaticComplexity="1" minCyclomaticComplexity="1" />
              <MetadataToken>100663318</MetadataToken>
              <Name>System.Collections.Generic.IEnumerable`1&lt;T&gt; Pyxis.Persistance.MemoryPersistance::GetSome(System.Int32,System.String)</Name>
              <FileRef uid="1" />
              <SequencePoints>
                <SequencePoint vc="2" uspid="66" ordinal="0" offset="0" sl="88" sc="9" el="88" ec="10" bec="0" bev="0" fileid="1" />
                <SequencePoint vc="2" uspid="67" ordinal="1" offset="1" sl="89" sc="13" el="89" ec="51" bec="0" bev="0" fileid="1" />
                <SequencePoint vc="2" uspid="68" ordinal="2" offset="17" sl="90" sc="9" el="90" ec="10" bec="0" bev="0" fileid="1" />
              </SequencePoints>
              <BranchPoints />
              <MethodPoint xsi:type="SequencePoint" vc="2" uspid="66" ordinal="0" offset="0" sl="88" sc="9" el="88" ec="10" bec="0" bev="0" fileid="1" />
            </Method>
            <Method visited="false" cyclomaticComplexity="1" sequenceCoverage="0" branchCoverage="0" isConstructor="false" isStatic="false" isGetter="false" isSetter="false">
              <Summary numSequencePoints="2" visitedSequencePoints="0" numBranchPoints="1" visitedBranchPoints="0" sequenceCoverage="0" branchCoverage="0" maxCyclomaticComplexity="1" minCyclomaticComplexity="1" />
              <MetadataToken>100663319</MetadataToken>
              <Name>System.Collections.Generic.IEnumerable`1&lt;T&gt; Pyxis.Persistance.MemoryPersistance::Query(System.Collections.Generic.IEnumerable`1&lt;Pyxis.Persistance.QueryElement&gt;,System.String)</Name>
              <FileRef uid="1" />
              <SequencePoints>
                <SequencePoint vc="0" uspid="69" ordinal="0" offset="0" sl="93" sc="9" el="93" ec="10" bec="0" bev="0" fileid="1" />
                <SequencePoint vc="0" uspid="70" ordinal="1" offset="1" sl="94" sc="13" el="94" ec="49" bec="0" bev="0" fileid="1" />
              </SequencePoints>
              <BranchPoints />
              <MethodPoint xsi:type="SequencePoint" vc="0" uspid="69" ordinal="0" offset="0" sl="93" sc="9" el="93" ec="10" bec="0" bev="0" fileid="1" />
            </Method>
            <Method visited="true" cyclomaticComplexity="2" sequenceCoverage="100" branchCoverage="100" isConstructor="false" isStatic="false" isGetter="false" isSetter="false">
              <Summary numSequencePoints="6" visitedSequencePoints="6" numBranchPoints="3" visitedBranchPoints="3" sequenceCoverage="100" branchCoverage="100" maxCyclomaticComplexity="2" minCyclomaticComplexity="2" />
              <MetadataToken>100663320</MetadataToken>
              <Name>System.Void Pyxis.Persistance.MemoryPersistance::SetContentId(T)</Name>
              <FileRef uid="1" />
              <SequencePoints>
                <SequencePoint vc="31" uspid="71" ordinal="0" offset="0" sl="98" sc="9" el="98" ec="10" bec="0" bev="0" fileid="1" />
                <SequencePoint vc="31" uspid="72" ordinal="1" offset="1" sl="99" sc="13" el="99" ec="50" bec="2" bev="2" fileid="1" />
                <SequencePoint vc="1" uspid="73" ordinal="2" offset="21" sl="100" sc="13" el="100" ec="14" bec="0" bev="0" fileid="1" />
                <SequencePoint vc="1" uspid="74" ordinal="3" offset="22" sl="101" sc="17" el="101" ec="56" bec="0" bev="0" fileid="1" />
                <SequencePoint vc="1" uspid="75" ordinal="4" offset="53" sl="102" sc="13" el="102" ec="14" bec="0" bev="0" fileid="1" />
                <SequencePoint vc="31" uspid="76" ordinal="5" offset="54" sl="103" sc="9" el="103" ec="10" bec="0" bev="0" fileid="1" />
              </SequencePoints>
              <BranchPoints>
                <BranchPoint vc="1" uspid="77" ordinal="0" offset="19" sl="99" path="0" offsetend="21" fileid="1" />
                <BranchPoint vc="30" uspid="78" ordinal="1" offset="19" sl="99" path="1" offsetend="54" fileid="1" />
              </BranchPoints>
              <MethodPoint xsi:type="SequencePoint" vc="31" uspid="71" ordinal="0" offset="0" sl="98" sc="9" el="98" ec="10" bec="0" bev="0" fileid="1" />
            </Method>
            <Method visited="true" cyclomaticComplexity="2" sequenceCoverage="100" branchCoverage="100" isConstructor="false" isStatic="false" isGetter="false" isSetter="false">
              <Summary numSequencePoints="9" visitedSequencePoints="9" numBranchPoints="3" visitedBranchPoints="3" sequenceCoverage="100" branchCoverage="100" maxCyclomaticComplexity="2" minCyclomaticComplexity="2" />
              <MetadataToken>100663321</MetadataToken>
              <Name>System.Collections.Generic.IDictionary`2&lt;System.String,System.Object&gt; Pyxis.Persistance.MemoryPersistance::GetTypeStorage(System.String)</Name>
              <FileRef uid="1" />
              <SequencePoints>
                <SequencePoint vc="53" uspid="79" ordinal="0" offset="0" sl="106" sc="9" el="106" ec="10" bec="0" bev="0" fileid="1" />
                <SequencePoint vc="53" uspid="80" ordinal="1" offset="1" sl="107" sc="13" el="107" ec="57" bec="0" bev="0" fileid="1" />
                <SequencePoint vc="53" uspid="81" ordinal="2" offset="9" sl="108" sc="13" el="108" ec="35" bec="0" bev="0" fileid="1" />
                <SequencePoint vc="53" uspid="82" ordinal="3" offset="20" sl="109" sc="13" el="109" ec="49" bec="2" bev="2" fileid="1" />
                <SequencePoint vc="27" uspid="83" ordinal="4" offset="34" sl="110" sc="13" el="110" ec="14" bec="0" bev="0" fileid="1" />
                <SequencePoint vc="27" uspid="84" ordinal="5" offset="35" sl="111" sc="17" el="111" ec="81" bec="0" bev="0" fileid="1" />
                <SequencePoint vc="27" uspid="85" ordinal="6" offset="48" sl="112" sc="13" el="112" ec="14" bec="0" bev="0" fileid="1" />
                <SequencePoint vc="53" uspid="86" ordinal="7" offset="49" sl="113" sc="13" el="113" ec="39" bec="0" bev="0" fileid="1" />
                <SequencePoint vc="53" uspid="87" ordinal="8" offset="59" sl="114" sc="9" el="114" ec="10" bec="0" bev="0" fileid="1" />
              </SequencePoints>
              <BranchPoints>
                <BranchPoint vc="27" uspid="88" ordinal="0" offset="32" sl="109" path="0" offsetend="34" fileid="1" />
                <BranchPoint vc="26" uspid="89" ordinal="1" offset="32" sl="109" path="1" offsetend="49" fileid="1" />
              </BranchPoints>
              <MethodPoint xsi:type="SequencePoint" vc="53" uspid="79" ordinal="0" offset="0" sl="106" sc="9" el="106" ec="10" bec="0" bev="0" fileid="1" />
            </Method>
            <Method visited="true" cyclomaticComplexity="2" sequenceCoverage="100" branchCoverage="100" isConstructor="false" isStatic="false" isGetter="false" isSetter="false">
              <Summary numSequencePoints="8" visitedSequencePoints="8" numBranchPoints="3" visitedBranchPoints="3" sequenceCoverage="100" branchCoverage="100" maxCyclomaticComplexity="2" minCyclomaticComplexity="2" />
              <MetadataToken>100663322</MetadataToken>
              <Name>System.Collections.Generic.IDictionary`2&lt;System.Type,System.Collections.Generic.IDictionary`2&lt;System.String,System.Object&gt;&gt; Pyxis.Persistance.MemoryPersistance::GetContextStore(System.String)</Name>
              <FileRef uid="1" />
              <SequencePoints>
                <SequencePoint vc="55" uspid="90" ordinal="0" offset="0" sl="117" sc="9" el="117" ec="10" bec="0" bev="0" fileid="1" />
                <SequencePoint vc="55" uspid="91" ordinal="1" offset="1" sl="118" sc="13" el="118" ec="67" bec="0" bev="0" fileid="1" />
                <SequencePoint vc="55" uspid="92" ordinal="2" offset="8" sl="119" sc="13" el="119" ec="60" bec="2" bev="2" fileid="1" />
                <SequencePoint vc="21" uspid="93" ordinal="3" offset="27" sl="120" sc="13" el="120" ec="14" bec="0" bev="0" fileid="1" />
                <SequencePoint vc="21" uspid="94" ordinal="4" offset="28" sl="121" sc="17" el="121" ec="111" bec="0" bev="0" fileid="1" />
                <SequencePoint vc="21" uspid="95" ordinal="5" offset="46" sl="122" sc="13" el="122" ec="14" bec="0" bev="0" fileid="1" />
                <SequencePoint vc="55" uspid="96" ordinal="6" offset="47" sl="123" sc="13" el="123" ec="50" bec="0" bev="0" fileid="1" />
                <SequencePoint vc="55" uspid="97" ordinal="7" offset="62" sl="124" sc="9" el="124" ec="10" bec="0" bev="0" fileid="1" />
              </SequencePoints>
              <BranchPoints>
                <BranchPoint vc="21" uspid="98" ordinal="0" offset="25" sl="119" path="0" offsetend="27" fileid="1" />
                <BranchPoint vc="34" uspid="99" ordinal="1" offset="25" sl="119" path="1" offsetend="47" fileid="1" />
              </BranchPoints>
              <MethodPoint xsi:type="SequencePoint" vc="55" uspid="90" ordinal="0" offset="0" sl="117" sc="9" el="117" ec="10" bec="0" bev="0" fileid="1" />
            </Method>
            <Method visited="true" cyclomaticComplexity="1" sequenceCoverage="100" branchCoverage="100" isConstructor="false" isStatic="true" isGetter="false" isSetter="false">
              <Summary numSequencePoints="4" visitedSequencePoints="4" numBranchPoints="1" visitedBranchPoints="1" sequenceCoverage="100" branchCoverage="100" maxCyclomaticComplexity="1" minCyclomaticComplexity="1" />
              <MetadataToken>100663323</MetadataToken>
              <Name>System.String Pyxis.Persistance.MemoryPersistance::GetInternalContextName(System.String)</Name>
              <FileRef uid="1" />
              <SequencePoints>
                <SequencePoint vc="58" uspid="100" ordinal="0" offset="0" sl="127" sc="9" el="127" ec="10" bec="0" bev="0" fileid="1" />
                <SequencePoint vc="58" uspid="101" ordinal="1" offset="1" sl="128" sc="13" el="128" ec="53" bec="0" bev="0" fileid="1" />
                <SequencePoint vc="58" uspid="102" ordinal="2" offset="8" sl="129" sc="13" el="129" ec="36" bec="0" bev="0" fileid="1" />
                <SequencePoint vc="58" uspid="103" ordinal="3" offset="12" sl="130" sc="9" el="130" ec="10" bec="0" bev="0" fileid="1" />
              </SequencePoints>
              <BranchPoints />
              <MethodPoint xsi:type="SequencePoint" vc="58" uspid="100" ordinal="0" offset="0" sl="127" sc="9" el="127" ec="10" bec="0" bev="0" fileid="1" />
            </Method>
            <Method visited="true" cyclomaticComplexity="3" sequenceCoverage="100" branchCoverage="66.67" isConstructor="false" isStatic="false" isGetter="false" isSetter="false">
              <Summary numSequencePoints="3" visitedSequencePoints="3" numBranchPoints="3" visitedBranchPoints="2" sequenceCoverage="100" branchCoverage="66.67" maxCyclomaticComplexity="3" minCyclomaticComplexity="3" />
              <MetadataToken>100663324</MetadataToken>
              <Name>System.String Pyxis.Persistance.MemoryPersistance::GetInternalId(System.String)</Name>
              <FileRef uid="1" />
              <SequencePoints>
                <SequencePoint vc="50" uspid="104" ordinal="0" offset="0" sl="133" sc="9" el="133" ec="10" bec="0" bev="0" fileid="1" />
                <SequencePoint vc="50" uspid="105" ordinal="1" offset="1" sl="134" sc="13" el="134" ec="70" bec="2" bev="1" fileid="1" />
                <SequencePoint vc="50" uspid="106" ordinal="2" offset="20" sl="135" sc="9" el="135" ec="10" bec="0" bev="0" fileid="1" />
              </SequencePoints>
              <BranchPoints>
                <BranchPoint vc="0" uspid="107" ordinal="0" offset="2" sl="134" path="0" offsetend="4" fileid="1" />
                <BranchPoint vc="50" uspid="108" ordinal="1" offset="2" sl="134" path="1" offsetend="11" fileid="1" />
              </BranchPoints>
              <MethodPoint xsi:type="SequencePoint" vc="50" uspid="104" ordinal="0" offset="0" sl="133" sc="9" el="133" ec="10" bec="0" bev="0" fileid="1" />
            </Method>
            <Method visited="true" cyclomaticComplexity="1" sequenceCoverage="100" branchCoverage="100" isConstructor="true" isStatic="false" isGetter="false" isSetter="false">
              <Summary numSequencePoints="1" visitedSequencePoints="1" numBranchPoints="1" visitedBranchPoints="1" sequenceCoverage="100" branchCoverage="100" maxCyclomaticComplexity="1" minCyclomaticComplexity="1" />
              <MetadataToken>100663325</MetadataToken>
              <Name>System.Void Pyxis.Persistance.MemoryPersistance::.ctor()</Name>
              <FileRef uid="1" />
              <SequencePoints>
                <SequencePoint vc="17" uspid="109" ordinal="0" offset="0" sl="13" sc="9" el="14" ec="96" bec="0" bev="0" fileid="1" />
              </SequencePoints>
              <BranchPoints />
              <MethodPoint xsi:type="SequencePoint" vc="17" uspid="109" ordinal="0" offset="0" sl="13" sc="9" el="14" ec="96" bec="0" bev="0" fileid="1" />
            </Method>
          </Methods>
        </Class>
        <Class>
          <Summary numSequencePoints="1" visitedSequencePoints="1" numBranchPoints="1" visitedBranchPoints="1" sequenceCoverage="100" branchCoverage="100" maxCyclomaticComplexity="1" minCyclomaticComplexity="1" />
          <FullName>Pyxis.Persistance.MemoryPersistance/&lt;&gt;c__2`1</FullName>
          <Methods>
            <Method visited="true" cyclomaticComplexity="1" sequenceCoverage="0" branchCoverage="0" isConstructor="true" isStatic="true" isGetter="false" isSetter="false">
              <Summary numSequencePoints="0" visitedSequencePoints="0" numBranchPoints="0" visitedBranchPoints="0" sequenceCoverage="0" branchCoverage="0" maxCyclomaticComplexity="1" minCyclomaticComplexity="1" />
              <MetadataToken>100663371</MetadataToken>
              <Name>System.Void Pyxis.Persistance.MemoryPersistance/&lt;&gt;c__2`1::.cctor()</Name>
              <SequencePoints />
              <BranchPoints />
              <MethodPoint vc="2" uspid="110" ordinal="0" offset="0" />
            </Method>
            <Method visited="true" cyclomaticComplexity="1" sequenceCoverage="0" branchCoverage="0" isConstructor="true" isStatic="false" isGetter="false" isSetter="false">
              <Summary numSequencePoints="0" visitedSequencePoints="0" numBranchPoints="0" visitedBranchPoints="0" sequenceCoverage="0" branchCoverage="0" maxCyclomaticComplexity="1" minCyclomaticComplexity="1" />
              <MetadataToken>100663372</MetadataToken>
              <Name>System.Void Pyxis.Persistance.MemoryPersistance/&lt;&gt;c__2`1::.ctor()</Name>
              <SequencePoints />
              <BranchPoints />
              <MethodPoint vc="2" uspid="111" ordinal="0" offset="0" />
            </Method>
            <Method visited="true" cyclomaticComplexity="1" sequenceCoverage="100" branchCoverage="100" isConstructor="false" isStatic="false" isGetter="false" isSetter="false">
              <Summary numSequencePoints="1" visitedSequencePoints="1" numBranchPoints="1" visitedBranchPoints="1" sequenceCoverage="100" branchCoverage="100" maxCyclomaticComplexity="1" minCyclomaticComplexity="1" />
              <MetadataToken>100663373</MetadataToken>
              <Name>System.Boolean Pyxis.Persistance.MemoryPersistance/&lt;&gt;c__2`1::&lt;Save&gt;b__2_0(T)</Name>
              <FileRef uid="1" />
              <SequencePoints>
                <SequencePoint vc="15" uspid="112" ordinal="0" offset="0" sl="27" sc="51" el="27" ec="60" bec="0" bev="0" fileid="1" />
              </SequencePoints>
              <BranchPoints />
              <MethodPoint xsi:type="SequencePoint" vc="15" uspid="112" ordinal="0" offset="0" sl="27" sc="51" el="27" ec="60" bec="0" bev="0" fileid="1" />
            </Method>
          </Methods>
        </Class>
        <Class>
          <Summary numSequencePoints="16" visitedSequencePoints="16" numBranchPoints="5" visitedBranchPoints="5" sequenceCoverage="100" branchCoverage="100" maxCyclomaticComplexity="1" minCyclomaticComplexity="1" />
          <FullName>Pyxis.Persistance.QueryElement</FullName>
          <Methods>
            <Method visited="true" cyclomaticComplexity="1" sequenceCoverage="100" branchCoverage="100" isConstructor="false" isStatic="false" isGetter="true" isSetter="false">
              <Summary numSequencePoints="3" visitedSequencePoints="3" numBranchPoints="1" visitedBranchPoints="1" sequenceCoverage="100" branchCoverage="100" maxCyclomaticComplexity="1" minCyclomaticComplexity="1" />
              <MetadataToken>100663327</MetadataToken>
              <Name>System.String Pyxis.Persistance.QueryElement::get_Field()</Name>
              <FileRef uid="3" />
              <SequencePoints>
                <SequencePoint vc="2" uspid="113" ordinal="0" offset="0" sl="15" sc="34" el="15" ec="35" bec="0" bev="0" fileid="3" />
                <SequencePoint vc="2" uspid="114" ordinal="1" offset="1" sl="15" sc="36" el="15" ec="58" bec="0" bev="0" fileid="3" />
                <SequencePoint vc="2" uspid="115" ordinal="2" offset="15" sl="15" sc="59" el="15" ec="60" bec="0" bev="0" fileid="3" />
              </SequencePoints>
              <BranchPoints />
              <MethodPoint xsi:type="SequencePoint" vc="2" uspid="113" ordinal="0" offset="0" sl="15" sc="34" el="15" ec="35" bec="0" bev="0" fileid="3" />
            </Method>
            <Method visited="true" cyclomaticComplexity="1" sequenceCoverage="100" branchCoverage="100" isConstructor="false" isStatic="false" isGetter="true" isSetter="false">
              <Summary numSequencePoints="3" visitedSequencePoints="3" numBranchPoints="1" visitedBranchPoints="1" sequenceCoverage="100" branchCoverage="100" maxCyclomaticComplexity="1" minCyclomaticComplexity="1" />
              <MetadataToken>100663328</MetadataToken>
              <Name>Pyxis.Persistance.Query.FieldComparison Pyxis.Persistance.QueryElement::get_Comparison()</Name>
              <FileRef uid="3" />
              <SequencePoints>
                <SequencePoint vc="2" uspid="116" ordinal="0" offset="0" sl="16" sc="48" el="16" ec="49" bec="0" bev="0" fileid="3" />
                <SequencePoint vc="2" uspid="117" ordinal="1" offset="1" sl="16" sc="50" el="16" ec="72" bec="0" bev="0" fileid="3" />
                <SequencePoint vc="2" uspid="118" ordinal="2" offset="15" sl="16" sc="73" el="16" ec="74" bec="0" bev="0" fileid="3" />
              </SequencePoints>
              <BranchPoints />
              <MethodPoint xsi:type="SequencePoint" vc="2" uspid="116" ordinal="0" offset="0" sl="16" sc="48" el="16" ec="49" bec="0" bev="0" fileid="3" />
            </Method>
            <Method visited="true" cyclomaticComplexity="1" sequenceCoverage="100" branchCoverage="100" isConstructor="false" isStatic="false" isGetter="true" isSetter="false">
              <Summary numSequencePoints="3" visitedSequencePoints="3" numBranchPoints="1" visitedBranchPoints="1" sequenceCoverage="100" branchCoverage="100" maxCyclomaticComplexity="1" minCyclomaticComplexity="1" />
              <MetadataToken>100663329</MetadataToken>
              <Name>System.String Pyxis.Persistance.QueryElement::get_Value()</Name>
              <FileRef uid="3" />
              <SequencePoints>
                <SequencePoint vc="2" uspid="119" ordinal="0" offset="0" sl="17" sc="34" el="17" ec="35" bec="0" bev="0" fileid="3" />
                <SequencePoint vc="2" uspid="120" ordinal="1" offset="1" sl="17" sc="36" el="17" ec="58" bec="0" bev="0" fileid="3" />
                <SequencePoint vc="2" uspid="121" ordinal="2" offset="15" sl="17" sc="59" el="17" ec="60" bec="0" bev="0" fileid="3" />
              </SequencePoints>
              <BranchPoints />
              <MethodPoint xsi:type="SequencePoint" vc="2" uspid="119" ordinal="0" offset="0" sl="17" sc="34" el="17" ec="35" bec="0" bev="0" fileid="3" />
            </Method>
            <Method visited="true" cyclomaticComplexity="1" sequenceCoverage="100" branchCoverage="100" isConstructor="true" isStatic="false" isGetter="false" isSetter="false">
              <Summary numSequencePoints="4" visitedSequencePoints="4" numBranchPoints="1" visitedBranchPoints="1" sequenceCoverage="100" branchCoverage="100" maxCyclomaticComplexity="1" minCyclomaticComplexity="1" />
              <MetadataToken>100663326</MetadataToken>
              <Name>System.Void Pyxis.Persistance.QueryElement::.ctor(System.String,Pyxis.Persistance.Query.FieldComparison,System.String)</Name>
              <FileRef uid="3" />
              <SequencePoints>
                <SequencePoint vc="2" uspid="122" ordinal="0" offset="0" sl="8" sc="9" el="8" ec="84" bec="0" bev="0" fileid="3" />
                <SequencePoint vc="2" uspid="123" ordinal="1" offset="7" sl="9" sc="9" el="9" ec="10" bec="0" bev="0" fileid="3" />
                <SequencePoint vc="2" uspid="124" ordinal="2" offset="8" sl="10" sc="13" el="10" ec="63" bec="0" bev="0" fileid="3" />
                <SequencePoint vc="2" uspid="125" ordinal="3" offset="22" sl="11" sc="9" el="11" ec="10" bec="0" bev="0" fileid="3" />
              </SequencePoints>
              <BranchPoints />
              <MethodPoint xsi:type="SequencePoint" vc="2" uspid="122" ordinal="0" offset="0" sl="8" sc="9" el="8" ec="84" bec="0" bev="0" fileid="3" />
            </Method>
            <Method visited="true" cyclomaticComplexity="1" sequenceCoverage="100" branchCoverage="100" isConstructor="false" isStatic="true" isGetter="false" isSetter="false">
              <Summary numSequencePoints="3" visitedSequencePoints="3" numBranchPoints="1" visitedBranchPoints="1" sequenceCoverage="100" branchCoverage="100" maxCyclomaticComplexity="1" minCyclomaticComplexity="1" />
              <MetadataToken>100663330</MetadataToken>
              <Name>Pyxis.Persistance.QueryElement Pyxis.Persistance.QueryElement::FieldEquals(System.String,System.String)</Name>
              <FileRef uid="3" />
              <SequencePoints>
                <SequencePoint vc="1" uspid="126" ordinal="0" offset="0" sl="20" sc="9" el="20" ec="10" bec="0" bev="0" fileid="3" />
                <SequencePoint vc="1" uspid="127" ordinal="1" offset="1" sl="21" sc="13" el="21" ec="75" bec="0" bev="0" fileid="3" />
                <SequencePoint vc="1" uspid="128" ordinal="2" offset="12" sl="22" sc="9" el="22" ec="10" bec="0" bev="0" fileid="3" />
              </SequencePoints>
              <BranchPoints />
              <MethodPoint xsi:type="SequencePoint" vc="1" uspid="126" ordinal="0" offset="0" sl="20" sc="9" el="20" ec="10" bec="0" bev="0" fileid="3" />
            </Method>
          </Methods>
        </Class>
        <Class>
          <Summary numSequencePoints="7" visitedSequencePoints="7" numBranchPoints="5" visitedBranchPoints="5" sequenceCoverage="100" branchCoverage="100" maxCyclomaticComplexity="1" minCyclomaticComplexity="1" />
          <FullName>Pyxis.Persistance.Container.PersistedObject</FullName>
          <Methods>
            <Method visited="true" cyclomaticComplexity="1" sequenceCoverage="100" branchCoverage="100" isConstructor="false" isStatic="false" isGetter="true" isSetter="false">
              <Summary numSequencePoints="1" visitedSequencePoints="1" numBranchPoints="1" visitedBranchPoints="1" sequenceCoverage="100" branchCoverage="100" maxCyclomaticComplexity="1" minCyclomaticComplexity="1" />
              <MetadataToken>100663331</MetadataToken>
              <Name>System.Object Pyxis.Persistance.Container.PersistedObject::get_Content()</Name>
              <FileRef uid="4" />
              <SequencePoints>
                <SequencePoint vc="28" uspid="129" ordinal="0" offset="0" sl="9" sc="33" el="9" ec="37" bec="0" bev="0" fileid="4" />
              </SequencePoints>
              <BranchPoints />
              <MethodPoint xsi:type="SequencePoint" vc="28" uspid="129" ordinal="0" offset="0" sl="9" sc="33" el="9" ec="37" bec="0" bev="0" fileid="4" />
            </Method>
            <Method visited="true" cyclomaticComplexity="1" sequenceCoverage="100" branchCoverage="100" isConstructor="false" isStatic="false" isGetter="false" isSetter="true">
              <Summary numSequencePoints="1" visitedSequencePoints="1" numBranchPoints="1" visitedBranchPoints="1" sequenceCoverage="100" branchCoverage="100" maxCyclomaticComplexity="1" minCyclomaticComplexity="1" />
              <MetadataToken>100663332</MetadataToken>
              <Name>System.Void Pyxis.Persistance.Container.PersistedObject::set_Content(System.Object)</Name>
              <FileRef uid="4" />
              <SequencePoints>
                <SequencePoint vc="50" uspid="130" ordinal="0" offset="0" sl="9" sc="38" el="9" ec="42" bec="0" bev="0" fileid="4" />
              </SequencePoints>
              <BranchPoints />
              <MethodPoint xsi:type="SequencePoint" vc="50" uspid="130" ordinal="0" offset="0" sl="9" sc="38" el="9" ec="42" bec="0" bev="0" fileid="4" />
            </Method>
            <Method visited="true" cyclomaticComplexity="1" sequenceCoverage="100" branchCoverage="100" isConstructor="false" isStatic="false" isGetter="true" isSetter="false">
              <Summary numSequencePoints="1" visitedSequencePoints="1" numBranchPoints="1" visitedBranchPoints="1" sequenceCoverage="100" branchCoverage="100" maxCyclomaticComplexity="1" minCyclomaticComplexity="1" />
              <MetadataToken>100663333</MetadataToken>
              <Name>System.String Pyxis.Persistance.Container.PersistedObject::get_Id()</Name>
              <FileRef uid="4" />
              <SequencePoints>
                <SequencePoint vc="146" uspid="131" ordinal="0" offset="0" sl="10" sc="28" el="10" ec="32" bec="0" bev="0" fileid="4" />
              </SequencePoints>
              <BranchPoints />
              <MethodPoint xsi:type="SequencePoint" vc="146" uspid="131" ordinal="0" offset="0" sl="10" sc="28" el="10" ec="32" bec="0" bev="0" fileid="4" />
            </Method>
            <Method visited="true" cyclomaticComplexity="1" sequenceCoverage="100" branchCoverage="100" isConstructor="false" isStatic="false" isGetter="false" isSetter="true">
              <Summary numSequencePoints="1" visitedSequencePoints="1" numBranchPoints="1" visitedBranchPoints="1" sequenceCoverage="100" branchCoverage="100" maxCyclomaticComplexity="1" minCyclomaticComplexity="1" />
              <MetadataToken>100663334</MetadataToken>
              <Name>System.Void Pyxis.Persistance.Container.PersistedObject::set_Id(System.String)</Name>
              <FileRef uid="4" />
              <SequencePoints>
                <SequencePoint vc="48" uspid="132" ordinal="0" offset="0" sl="10" sc="33" el="10" ec="37" bec="0" bev="0" fileid="4" />
              </SequencePoints>
              <BranchPoints />
              <MethodPoint xsi:type="SequencePoint" vc="48" uspid="132" ordinal="0" offset="0" sl="10" sc="33" el="10" ec="37" bec="0" bev="0" fileid="4" />
            </Method>
            <Method visited="true" cyclomaticComplexity="1" sequenceCoverage="100" branchCoverage="100" isConstructor="false" isStatic="false" isGetter="false" isSetter="false">
              <Summary numSequencePoints="3" visitedSequencePoints="3" numBranchPoints="1" visitedBranchPoints="1" sequenceCoverage="100" branchCoverage="100" maxCyclomaticComplexity="1" minCyclomaticComplexity="1" />
              <MetadataToken>100663335</MetadataToken>
              <Name>T Pyxis.Persistance.Container.PersistedObject::GetContent()</Name>
              <FileRef uid="4" />
              <SequencePoints>
                <SequencePoint vc="12" uspid="133" ordinal="0" offset="0" sl="13" sc="9" el="13" ec="10" bec="0" bev="0" fileid="4" />
                <SequencePoint vc="12" uspid="134" ordinal="1" offset="1" sl="14" sc="13" el="14" ec="33" bec="0" bev="0" fileid="4" />
                <SequencePoint vc="12" uspid="135" ordinal="2" offset="20" sl="15" sc="9" el="15" ec="10" bec="0" bev="0" fileid="4" />
              </SequencePoints>
              <BranchPoints />
              <MethodPoint xsi:type="SequencePoint" vc="12" uspid="133" ordinal="0" offset="0" sl="13" sc="9" el="13" ec="10" bec="0" bev="0" fileid="4" />
            </Method>
            <Method visited="true" cyclomaticComplexity="1" sequenceCoverage="0" branchCoverage="0" isConstructor="true" isStatic="false" isGetter="false" isSetter="false">
              <Summary numSequencePoints="0" visitedSequencePoints="0" numBranchPoints="0" visitedBranchPoints="0" sequenceCoverage="0" branchCoverage="0" maxCyclomaticComplexity="1" minCyclomaticComplexity="1" />
              <MetadataToken>100663336</MetadataToken>
              <Name>System.Void Pyxis.Persistance.Container.PersistedObject::.ctor()</Name>
              <SequencePoints />
              <BranchPoints />
              <MethodPoint vc="48" uspid="136" ordinal="0" offset="0" />
            </Method>
          </Methods>
        </Class>
        <Class>
          <Summary numSequencePoints="3" visitedSequencePoints="3" numBranchPoints="1" visitedBranchPoints="1" sequenceCoverage="100" branchCoverage="100" maxCyclomaticComplexity="1" minCyclomaticComplexity="1" />
          <FullName>Pyxis.Persistance.Container.PersistedString</FullName>
          <Methods>
            <Method visited="true" cyclomaticComplexity="1" sequenceCoverage="100" branchCoverage="100" isConstructor="false" isStatic="false" isGetter="false" isSetter="false">
              <Summary numSequencePoints="3" visitedSequencePoints="3" numBranchPoints="1" visitedBranchPoints="1" sequenceCoverage="100" branchCoverage="100" maxCyclomaticComplexity="1" minCyclomaticComplexity="1" />
              <MetadataToken>100663337</MetadataToken>
              <Name>System.String Pyxis.Persistance.Container.PersistedString::GetContent()</Name>
              <FileRef uid="5" />
              <SequencePoints>
                <SequencePoint vc="8" uspid="137" ordinal="0" offset="0" sl="9" sc="9" el="9" ec="10" bec="0" bev="0" fileid="5" />
                <SequencePoint vc="8" uspid="138" ordinal="1" offset="1" sl="10" sc="13" el="10" ec="41" bec="0" bev="0" fileid="5" />
                <SequencePoint vc="8" uspid="139" ordinal="2" offset="10" sl="11" sc="9" el="11" ec="10" bec="0" bev="0" fileid="5" />
              </SequencePoints>
              <BranchPoints />
              <MethodPoint xsi:type="SequencePoint" vc="8" uspid="137" ordinal="0" offset="0" sl="9" sc="9" el="9" ec="10" bec="0" bev="0" fileid="5" />
            </Method>
            <Method visited="true" cyclomaticComplexity="1" sequenceCoverage="0" branchCoverage="0" isConstructor="true" isStatic="false" isGetter="false" isSetter="false">
              <Summary numSequencePoints="0" visitedSequencePoints="0" numBranchPoints="0" visitedBranchPoints="0" sequenceCoverage="0" branchCoverage="0" maxCyclomaticComplexity="1" minCyclomaticComplexity="1" />
              <MetadataToken>100663338</MetadataToken>
              <Name>System.Void Pyxis.Persistance.Container.PersistedString::.ctor()</Name>
              <SequencePoints />
              <BranchPoints />
              <MethodPoint vc="36" uspid="140" ordinal="0" offset="0" />
            </Method>
          </Methods>
        </Class>
        <Class>
          <Summary numSequencePoints="12" visitedSequencePoints="12" numBranchPoints="2" visitedBranchPoints="2" sequenceCoverage="100" branchCoverage="100" maxCyclomaticComplexity="1" minCyclomaticComplexity="1" />
          <FullName>Pyxis.Persistance.Serialization.BinarySerializer</FullName>
          <Methods>
            <Method visited="true" cyclomaticComplexity="1" sequenceCoverage="100" branchCoverage="100" isConstructor="false" isStatic="false" isGetter="false" isSetter="false">
              <Summary numSequencePoints="6" visitedSequencePoints="6" numBranchPoints="1" visitedBranchPoints="1" sequenceCoverage="100" branchCoverage="100" maxCyclomaticComplexity="1" minCyclomaticComplexity="1" />
              <MetadataToken>100663339</MetadataToken>
              <Name>T Pyxis.Persistance.Serialization.BinarySerializer::Deserialize(System.IO.Stream)</Name>
              <FileRef uid="6" />
              <SequencePoints>
                <SequencePoint vc="58" uspid="141" ordinal="0" offset="0" sl="10" sc="9" el="10" ec="10" bec="0" bev="0" fileid="6" />
                <SequencePoint vc="58" uspid="142" ordinal="1" offset="1" sl="11" sc="13" el="11" ec="33" bec="0" bev="0" fileid="6" />
                <SequencePoint vc="58" uspid="143" ordinal="2" offset="10" sl="12" sc="13" el="12" ec="51" bec="0" bev="0" fileid="6" />
                <SequencePoint vc="58" uspid="144" ordinal="3" offset="16" sl="13" sc="13" el="13" ec="61" bec="0" bev="0" fileid="6" />
                <SequencePoint vc="58" uspid="145" ordinal="4" offset="29" sl="14" sc="13" el="14" ec="29" bec="0" bev="0" fileid="6" />
                <SequencePoint vc="58" uspid="146" ordinal="5" offset="33" sl="15" sc="9" el="15" ec="10" bec="0" bev="0" fileid="6" />
              </SequencePoints>
              <BranchPoints />
              <MethodPoint xsi:type="SequencePoint" vc="58" uspid="141" ordinal="0" offset="0" sl="10" sc="9" el="10" ec="10" bec="0" bev="0" fileid="6" />
            </Method>
            <Method visited="true" cyclomaticComplexity="1" sequenceCoverage="100" branchCoverage="100" isConstructor="false" isStatic="false" isGetter="false" isSetter="false">
              <Summary numSequencePoints="6" visitedSequencePoints="6" numBranchPoints="1" visitedBranchPoints="1" sequenceCoverage="100" branchCoverage="100" maxCyclomaticComplexity="1" minCyclomaticComplexity="1" />
              <MetadataToken>100663340</MetadataToken>
              <Name>System.IO.Stream Pyxis.Persistance.Serialization.BinarySerializer::Serialize(T)</Name>
              <FileRef uid="6" />
              <SequencePoints>
                <SequencePoint vc="58" uspid="147" ordinal="0" offset="0" sl="18" sc="9" el="18" ec="10" bec="0" bev="0" fileid="6" />
                <SequencePoint vc="58" uspid="148" ordinal="1" offset="1" sl="19" sc="13" el="19" ec="51" bec="0" bev="0" fileid="6" />
                <SequencePoint vc="58" uspid="149" ordinal="2" offset="7" sl="20" sc="13" el="20" ec="45" bec="0" bev="0" fileid="6" />
                <SequencePoint vc="58" uspid="150" ordinal="3" offset="13" sl="21" sc="13" el="21" ec="50" bec="0" bev="0" fileid="6" />
                <SequencePoint vc="58" uspid="151" ordinal="4" offset="27" sl="22" sc="13" el="22" ec="27" bec="0" bev="0" fileid="6" />
                <SequencePoint vc="58" uspid="152" ordinal="5" offset="31" sl="23" sc="9" el="23" ec="10" bec="0" bev="0" fileid="6" />
              </SequencePoints>
              <BranchPoints />
              <MethodPoint xsi:type="SequencePoint" vc="58" uspid="147" ordinal="0" offset="0" sl="18" sc="9" el="18" ec="10" bec="0" bev="0" fileid="6" />
            </Method>
            <Method visited="true" cyclomaticComplexity="1" sequenceCoverage="0" branchCoverage="0" isConstructor="true" isStatic="false" isGetter="false" isSetter="false">
              <Summary numSequencePoints="0" visitedSequencePoints="0" numBranchPoints="0" visitedBranchPoints="0" sequenceCoverage="0" branchCoverage="0" maxCyclomaticComplexity="1" minCyclomaticComplexity="1" />
              <MetadataToken>100663341</MetadataToken>
              <Name>System.Void Pyxis.Persistance.Serialization.BinarySerializer::.ctor()</Name>
              <SequencePoints />
              <BranchPoints />
              <MethodPoint vc="87" uspid="153" ordinal="0" offset="0" />
            </Method>
          </Methods>
        </Class>
        <Class>
          <Summary numSequencePoints="15" visitedSequencePoints="15" numBranchPoints="2" visitedBranchPoints="2" sequenceCoverage="100" branchCoverage="100" maxCyclomaticComplexity="1" minCyclomaticComplexity="1" />
          <FullName>Pyxis.Persistance.Serialization.JSonSerializer</FullName>
          <Methods>
            <Method visited="true" cyclomaticComplexity="1" sequenceCoverage="100" branchCoverage="100" isConstructor="false" isStatic="false" isGetter="false" isSetter="false">
              <Summary numSequencePoints="7" visitedSequencePoints="7" numBranchPoints="1" visitedBranchPoints="1" sequenceCoverage="100" branchCoverage="100" maxCyclomaticComplexity="1" minCyclomaticComplexity="1" />
              <MetadataToken>100663344</MetadataToken>
              <Name>T Pyxis.Persistance.Serialization.JSonSerializer::Deserialize(System.IO.Stream)</Name>
              <FileRef uid="7" />
              <SequencePoints>
                <SequencePoint vc="3" uspid="154" ordinal="0" offset="0" sl="10" sc="9" el="10" ec="10" bec="0" bev="0" fileid="7" />
                <SequencePoint vc="3" uspid="155" ordinal="1" offset="1" sl="11" sc="13" el="11" ec="33" bec="0" bev="0" fileid="7" />
                <SequencePoint vc="3" uspid="156" ordinal="2" offset="10" sl="12" sc="13" el="12" ec="51" bec="0" bev="0" fileid="7" />
                <SequencePoint vc="3" uspid="157" ordinal="3" offset="17" sl="13" sc="13" el="13" ec="46" bec="0" bev="0" fileid="7" />
                <SequencePoint vc="3" uspid="158" ordinal="4" offset="24" sl="14" sc="13" el="14" ec="70" bec="0" bev="0" fileid="7" />
                <SequencePoint vc="3" uspid="159" ordinal="5" offset="31" sl="15" sc="13" el="15" ec="29" bec="0" bev="0" fileid="7" />
                <SequencePoint vc="3" uspid="160" ordinal="6" offset="35" sl="16" sc="9" el="16" ec="10" bec="0" bev="0" fileid="7" />
              </SequencePoints>
              <BranchPoints />
              <MethodPoint xsi:type="SequencePoint" vc="3" uspid="154" ordinal="0" offset="0" sl="10" sc="9" el="10" ec="10" bec="0" bev="0" fileid="7" />
            </Method>
            <Method visited="true" cyclomaticComplexity="1" sequenceCoverage="100" branchCoverage="100" isConstructor="false" isStatic="false" isGetter="false" isSetter="false">
              <Summary numSequencePoints="8" visitedSequencePoints="8" numBranchPoints="1" visitedBranchPoints="1" sequenceCoverage="100" branchCoverage="100" maxCyclomaticComplexity="1" minCyclomaticComplexity="1" />
              <MetadataToken>100663345</MetadataToken>
              <Name>System.IO.Stream Pyxis.Persistance.Serialization.JSonSerializer::Serialize(T)</Name>
              <FileRef uid="7" />
              <SequencePoints>
                <SequencePoint vc="3" uspid="161" ordinal="0" offset="0" sl="19" sc="9" el="19" ec="10" bec="0" bev="0" fileid="7" />
                <SequencePoint vc="3" uspid="162" ordinal="1" offset="1" sl="20" sc="13" el="20" ec="64" bec="0" bev="0" fileid="7" />
                <SequencePoint vc="3" uspid="163" ordinal="2" offset="13" sl="21" sc="13" el="21" ec="45" bec="0" bev="0" fileid="7" />
                <SequencePoint vc="3" uspid="164" ordinal="3" offset="19" sl="22" sc="13" el="22" ec="47" bec="0" bev="0" fileid="7" />
                <SequencePoint vc="3" uspid="165" ordinal="4" offset="26" sl="23" sc="13" el="23" ec="31" bec="0" bev="0" fileid="7" />
                <SequencePoint vc="3" uspid="166" ordinal="5" offset="34" sl="24" sc="13" el="24" ec="24" bec="0" bev="0" fileid="7" />
                <SequencePoint vc="3" uspid="167" ordinal="6" offset="41" sl="25" sc="13" el="25" ec="27" bec="0" bev="0" fileid="7" />
                <SequencePoint vc="3" uspid="168" ordinal="7" offset="45" sl="26" sc="9" el="26" ec="10" bec="0" bev="0" fileid="7" />
              </SequencePoints>
              <BranchPoints />
              <MethodPoint xsi:type="SequencePoint" vc="3" uspid="161" ordinal="0" offset="0" sl="19" sc="9" el="19" ec="10" bec="0" bev="0" fileid="7" />
            </Method>
            <Method visited="true" cyclomaticComplexity="1" sequenceCoverage="0" branchCoverage="0" isConstructor="true" isStatic="false" isGetter="false" isSetter="false">
              <Summary numSequencePoints="0" visitedSequencePoints="0" numBranchPoints="0" visitedBranchPoints="0" sequenceCoverage="0" branchCoverage="0" maxCyclomaticComplexity="1" minCyclomaticComplexity="1" />
              <MetadataToken>100663346</MetadataToken>
              <Name>System.Void Pyxis.Persistance.Serialization.JSonSerializer::.ctor()</Name>
              <SequencePoints />
              <BranchPoints />
              <MethodPoint vc="4" uspid="169" ordinal="0" offset="0" />
            </Method>
          </Methods>
        </Class>
        <Class>
          <Summary numSequencePoints="9" visitedSequencePoints="9" numBranchPoints="4" visitedBranchPoints="4" sequenceCoverage="100" branchCoverage="100" maxCyclomaticComplexity="2" minCyclomaticComplexity="1" />
          <FullName>Pyxis.Persistance.Serialization.SerializerFactory</FullName>
          <Methods>
            <Method visited="true" cyclomaticComplexity="1" sequenceCoverage="100" branchCoverage="100" isConstructor="false" isStatic="true" isGetter="false" isSetter="false">
              <Summary numSequencePoints="3" visitedSequencePoints="3" numBranchPoints="1" visitedBranchPoints="1" sequenceCoverage="100" branchCoverage="100" maxCyclomaticComplexity="1" minCyclomaticComplexity="1" />
              <MetadataToken>100663347</MetadataToken>
              <Name>Pyxis.Persistance.Serialization.ISerializer Pyxis.Persistance.Serialization.SerializerFactory::GetSerializer(T)</Name>
              <FileRef uid="8" />
              <SequencePoints>
                <SequencePoint vc="61" uspid="170" ordinal="0" offset="0" sl="9" sc="9" el="9" ec="10" bec="0" bev="0" fileid="8" />
                <SequencePoint vc="61" uspid="171" ordinal="1" offset="1" sl="10" sc="13" el="10" ec="46" bec="0" bev="0" fileid="8" />
                <SequencePoint vc="61" uspid="172" ordinal="2" offset="19" sl="11" sc="9" el="11" ec="10" bec="0" bev="0" fileid="8" />
              </SequencePoints>
              <BranchPoints />
              <MethodPoint xsi:type="SequencePoint" vc="61" uspid="170" ordinal="0" offset="0" sl="9" sc="9" el="9" ec="10" bec="0" bev="0" fileid="8" />
            </Method>
            <Method visited="true" cyclomaticComplexity="2" sequenceCoverage="100" branchCoverage="100" isConstructor="false" isStatic="true" isGetter="false" isSetter="false">
              <Summary numSequencePoints="6" visitedSequencePoints="6" numBranchPoints="3" visitedBranchPoints="3" sequenceCoverage="100" branchCoverage="100" maxCyclomaticComplexity="2" minCyclomaticComplexity="2" />
              <MetadataToken>100663348</MetadataToken>
              <Name>Pyxis.Persistance.Serialization.ISerializer Pyxis.Persistance.Serialization.SerializerFactory::GetSerializer(System.Type)</Name>
              <FileRef uid="8" />
              <SequencePoints>
                <SequencePoint vc="91" uspid="173" ordinal="0" offset="0" sl="14" sc="9" el="14" ec="10" bec="0" bev="0" fileid="8" />
                <SequencePoint vc="91" uspid="174" ordinal="1" offset="1" sl="15" sc="13" el="15" ec="44" bec="2" bev="2" fileid="8" />
                <SequencePoint vc="87" uspid="175" ordinal="2" offset="11" sl="16" sc="13" el="16" ec="14" bec="0" bev="0" fileid="8" />
                <SequencePoint vc="87" uspid="176" ordinal="3" offset="12" sl="17" sc="17" el="17" ec="47" bec="0" bev="0" fileid="8" />
                <SequencePoint vc="4" uspid="177" ordinal="4" offset="20" sl="19" sc="13" el="19" ec="41" bec="0" bev="0" fileid="8" />
                <SequencePoint vc="91" uspid="178" ordinal="5" offset="28" sl="20" sc="9" el="20" ec="10" bec="0" bev="0" fileid="8" />
              </SequencePoints>
              <BranchPoints>
                <BranchPoint vc="87" uspid="179" ordinal="0" offset="9" sl="15" path="0" offsetend="11" fileid="8" />
                <BranchPoint vc="4" uspid="180" ordinal="1" offset="9" sl="15" path="1" offsetend="20" fileid="8" />
              </BranchPoints>
              <MethodPoint xsi:type="SequencePoint" vc="91" uspid="173" ordinal="0" offset="0" sl="14" sc="9" el="14" ec="10" bec="0" bev="0" fileid="8" />
            </Method>
            <Method visited="false" cyclomaticComplexity="1" sequenceCoverage="0" branchCoverage="0" isConstructor="true" isStatic="false" isGetter="false" isSetter="false">
              <Summary numSequencePoints="0" visitedSequencePoints="0" numBranchPoints="0" visitedBranchPoints="0" sequenceCoverage="0" branchCoverage="0" maxCyclomaticComplexity="1" minCyclomaticComplexity="1" />
              <MetadataToken>100663349</MetadataToken>
              <Name>System.Void Pyxis.Persistance.Serialization.SerializerFactory::.ctor()</Name>
              <SequencePoints />
              <BranchPoints />
              <MethodPoint vc="0" uspid="181" ordinal="0" offset="0" />
            </Method>
          </Methods>
        </Class>
        <Class>
          <Summary numSequencePoints="14" visitedSequencePoints="14" numBranchPoints="2" visitedBranchPoints="2" sequenceCoverage="100" branchCoverage="100" maxCyclomaticComplexity="2" minCyclomaticComplexity="1" />
          <FullName>Pyxis.Persistance.Filesystem.FileUtils</FullName>
          <Methods>
            <Method visited="true" cyclomaticComplexity="2" sequenceCoverage="100" branchCoverage="100" isConstructor="false" isStatic="true" isGetter="false" isSetter="false">
              <Summary numSequencePoints="10" visitedSequencePoints="10" numBranchPoints="1" visitedBranchPoints="1" sequenceCoverage="100" branchCoverage="100" maxCyclomaticComplexity="2" minCyclomaticComplexity="2" />
              <MetadataToken>100663350</MetadataToken>
              <Name>System.Void Pyxis.Persistance.Filesystem.FileUtils::Write(System.String,System.IO.Stream)</Name>
              <FileRef uid="9" />
              <SequencePoints>
                <SequencePoint vc="30" uspid="182" ordinal="0" offset="0" sl="8" sc="9" el="8" ec="10" bec="0" bev="0" fileid="9" />
                <SequencePoint vc="30" uspid="183" ordinal="1" offset="1" sl="9" sc="13" el="9" ec="102" bec="0" bev="0" fileid="9" />
                <SequencePoint vc="30" uspid="184" ordinal="2" offset="11" sl="10" sc="13" el="10" ec="27" bec="0" bev="0" fileid="9" />
                <SequencePoint vc="30" uspid="185" ordinal="3" offset="13" sl="11" sc="13" el="11" ec="14" bec="0" bev="0" fileid="9" />
                <SequencePoint vc="30" uspid="186" ordinal="4" offset="14" sl="12" sc="17" el="12" ec="38" bec="0" bev="0" fileid="9" />
                <SequencePoint vc="30" uspid="187" ordinal="5" offset="23" sl="13" sc="17" el="13" ec="40" bec="0" bev="0" fileid="9" />
                <SequencePoint vc="30" uspid="188" ordinal="6" offset="31" sl="14" sc="17" el="14" ec="32" bec="0" bev="0" fileid="9" />
                <SequencePoint vc="30" uspid="189" ordinal="7" offset="38" sl="15" sc="17" el="15" ec="32" bec="0" bev="0" fileid="9" />
                <SequencePoint vc="30" uspid="190" ordinal="8" offset="45" sl="16" sc="13" el="16" ec="14" bec="0" bev="0" fileid="9" />
                <SequencePoint vc="30" uspid="191" ordinal="9" offset="59" sl="17" sc="9" el="17" ec="10" bec="0" bev="0" fileid="9" />
              </SequencePoints>
              <BranchPoints />
              <MethodPoint xsi:type="SequencePoint" vc="30" uspid="182" ordinal="0" offset="0" sl="8" sc="9" el="8" ec="10" bec="0" bev="0" fileid="9" />
            </Method>
            <Method visited="true" cyclomaticComplexity="1" sequenceCoverage="100" branchCoverage="100" isConstructor="false" isStatic="true" isGetter="false" isSetter="false">
              <Summary numSequencePoints="4" visitedSequencePoints="4" numBranchPoints="1" visitedBranchPoints="1" sequenceCoverage="100" branchCoverage="100" maxCyclomaticComplexity="1" minCyclomaticComplexity="1" />
              <MetadataToken>100663351</MetadataToken>
              <Name>System.IO.Stream Pyxis.Persistance.Filesystem.FileUtils::Read(System.String)</Name>
              <FileRef uid="9" />
              <SequencePoints>
                <SequencePoint vc="30" uspid="192" ordinal="0" offset="0" sl="20" sc="9" el="20" ec="10" bec="0" bev="0" fileid="9" />
                <SequencePoint vc="30" uspid="193" ordinal="1" offset="1" sl="21" sc="13" el="21" ec="99" bec="0" bev="0" fileid="9" />
                <SequencePoint vc="30" uspid="194" ordinal="2" offset="11" sl="22" sc="13" el="22" ec="27" bec="0" bev="0" fileid="9" />
                <SequencePoint vc="30" uspid="195" ordinal="3" offset="15" sl="23" sc="9" el="23" ec="10" bec="0" bev="0" fileid="9" />
              </SequencePoints>
              <BranchPoints />
              <MethodPoint xsi:type="SequencePoint" vc="30" uspid="192" ordinal="0" offset="0" sl="20" sc="9" el="20" ec="10" bec="0" bev="0" fileid="9" />
            </Method>
[...]
              <MetadataToken>100663363</MetadataToken>
              <Name>System.Void Pyxis.Persistance.Filesystem.FilePersistance::Purge(System.String)</Name>
              <FileRef uid="10" />
              <SequencePoints>
                <SequencePoint vc="0" uspid="278" ordinal="0" offset="0" sl="99" sc="9" el="99" ec="10" bec="0" bev="0" fileid="10" />
                <SequencePoint vc="0" uspid="279" ordinal="1" offset="1" sl="100" sc="13" el="100" ec="57" bec="0" bev="0" fileid="10" />
                <SequencePoint vc="0" uspid="280" ordinal="2" offset="9" sl="101" sc="13" el="101" ec="54" bec="0" bev="0" fileid="10" />
                <SequencePoint vc="0" uspid="281" ordinal="3" offset="22" sl="102" sc="9" el="102" ec="10" bec="0" bev="0" fileid="10" />
              </SequencePoints>
              <BranchPoints />
              <MethodPoint xsi:type="SequencePoint" vc="0" uspid="278" ordinal="0" offset="0" sl="99" sc="9" el="99" ec="10" bec="0" bev="0" fileid="10" />
            </Method>
            <Method visited="true" cyclomaticComplexity="3" sequenceCoverage="100" branchCoverage="100" isConstructor="false" isStatic="false" isGetter="false" isSetter="false">
              <Summary numSequencePoints="11" visitedSequencePoints="11" numBranchPoints="3" visitedBranchPoints="3" sequenceCoverage="100" branchCoverage="100" maxCyclomaticComplexity="3" minCyclomaticComplexity="3" />
              <MetadataToken>100663364</MetadataToken>
              <Name>System.Void Pyxis.Persistance.Filesystem.FilePersistance::Purge(System.String)</Name>
              <FileRef uid="10" />
              <SequencePoints>
                <SequencePoint vc="3" uspid="282" ordinal="0" offset="0" sl="105" sc="9" el="105" ec="10" bec="0" bev="0" fileid="10" />
                <SequencePoint vc="3" uspid="283" ordinal="1" offset="1" sl="106" sc="13" el="106" ec="68" bec="0" bev="0" fileid="10" />
                <SequencePoint vc="3" uspid="284" ordinal="2" offset="19" sl="107" sc="13" el="107" ec="20" bec="0" bev="0" fileid="10" />
                <SequencePoint vc="3" uspid="285" ordinal="3" offset="20" sl="107" sc="45" el="107" ec="76" bec="0" bev="0" fileid="10" />
                <SequencePoint vc="6" uspid="286" ordinal="4" offset="34" sl="107" sc="22" el="107" ec="41" bec="0" bev="0" fileid="10" />
                <SequencePoint vc="6" uspid="287" ordinal="5" offset="41" sl="108" sc="13" el="108" ec="14" bec="0" bev="0" fileid="10" />
                <SequencePoint vc="6" uspid="288" ordinal="6" offset="42" sl="109" sc="17" el="109" ec="91" bec="0" bev="0" fileid="10" />
                <SequencePoint vc="6" uspid="289" ordinal="7" offset="61" sl="110" sc="17" el="110" ec="62" bec="0" bev="0" fileid="10" />
                <SequencePoint vc="6" uspid="290" ordinal="8" offset="74" sl="111" sc="13" el="111" ec="14" bec="0" bev="0" fileid="10" />
                <SequencePoint vc="9" uspid="291" ordinal="9" offset="75" sl="107" sc="42" el="107" ec="44" bec="2" bev="2" fileid="10" />
                <SequencePoint vc="3" uspid="292" ordinal="10" offset="96" sl="112" sc="9" el="112" ec="10" bec="0" bev="0" fileid="10" />
              </SequencePoints>
              <BranchPoints>
                <BranchPoint vc="3" uspid="293" ordinal="0" offset="81" sl="107" path="0" offsetend="83" fileid="10" />
                <BranchPoint vc="6" uspid="294" ordinal="1" offset="81" sl="107" path="1" offsetend="34" fileid="10" />
              </BranchPoints>
              <MethodPoint xsi:type="SequencePoint" vc="3" uspid="282" ordinal="0" offset="0" sl="105" sc="9" el="105" ec="10" bec="0" bev="0" fileid="10" />
            </Method>
            <Method visited="true" cyclomaticComplexity="2" sequenceCoverage="100" branchCoverage="100" isConstructor="false" isStatic="false" isGetter="false" isSetter="false">
              <Summary numSequencePoints="13" visitedSequencePoints="13" numBranchPoints="3" visitedBranchPoints="3" sequenceCoverage="100" branchCoverage="100" maxCyclomaticComplexity="2" minCyclomaticComplexity="2" />
              <MetadataToken>100663365</MetadataToken>
              <Name>System.Collections.Generic.IEnumerable`1&lt;T&gt; Pyxis.Persistance.Filesystem.FilePersistance::GetAll(System.String)</Name>
              <FileRef uid="10" />
              <SequencePoints>
                <SequencePoint vc="11" uspid="295" ordinal="0" offset="0" sl="115" sc="9" el="115" ec="10" bec="0" bev="0" fileid="10" />
                <SequencePoint vc="11" uspid="296" ordinal="1" offset="1" sl="116" sc="13" el="116" ec="42" bec="0" bev="0" fileid="10" />
                <SequencePoint vc="11" uspid="297" ordinal="2" offset="7" sl="117" sc="13" el="117" ec="57" bec="0" bev="0" fileid="10" />
                <SequencePoint vc="11" uspid="298" ordinal="3" offset="15" sl="118" sc="13" el="118" ec="20" bec="0" bev="0" fileid="10" />
                <SequencePoint vc="11" uspid="299" ordinal="4" offset="16" sl="118" sc="38" el="118" ec="56" bec="0" bev="0" fileid="10" />
                <SequencePoint vc="16" uspid="300" ordinal="5" offset="27" sl="118" sc="22" el="118" ec="34" bec="0" bev="0" fileid="10" />
                <SequencePoint vc="16" uspid="301" ordinal="6" offset="32" sl="119" sc="13" el="119" ec="14" bec="0" bev="0" fileid="10" />
                <SequencePoint vc="16" uspid="302" ordinal="7" offset="33" sl="120" sc="17" el="120" ec="64" bec="0" bev="0" fileid="10" />
                <SequencePoint vc="16" uspid="303" ordinal="8" offset="49" sl="121" sc="17" el="121" ec="36" bec="0" bev="0" fileid="10" />
                <SequencePoint vc="16" uspid="304" ordinal="9" offset="58" sl="122" sc="13" el="122" ec="14" bec="0" bev="0" fileid="10" />
                <SequencePoint vc="27" uspid="305" ordinal="10" offset="63" sl="118" sc="35" el="118" ec="37" bec="2" bev="2" fileid="10" />
                <SequencePoint vc="11" uspid="306" ordinal="11" offset="69" sl="123" sc="13" el="123" ec="29" bec="0" bev="0" fileid="10" />
                <SequencePoint vc="11" uspid="307" ordinal="12" offset="74" sl="124" sc="9" el="124" ec="10" bec="0" bev="0" fileid="10" />
              </SequencePoints>
              <BranchPoints>
                <BranchPoint vc="11" uspid="308" ordinal="0" offset="67" sl="118" path="0" offsetend="69" fileid="10" />
                <BranchPoint vc="16" uspid="309" ordinal="1" offset="67" sl="118" path="1" offsetend="27" fileid="10" />
              </BranchPoints>
              <MethodPoint xsi:type="SequencePoint" vc="11" uspid="295" ordinal="0" offset="0" sl="115" sc="9" el="115" ec="10" bec="0" bev="0" fileid="10" />
            </Method>
            <Method visited="true" cyclomaticComplexity="1" sequenceCoverage="100" branchCoverage="100" isConstructor="false" isStatic="false" isGetter="false" isSetter="false">
              <Summary numSequencePoints="3" visitedSequencePoints="3" numBranchPoints="1" visitedBranchPoints="1" sequenceCoverage="100" branchCoverage="100" maxCyclomaticComplexity="1" minCyclomaticComplexity="1" />
              <MetadataToken>100663366</MetadataToken>
              <Name>System.Collections.Generic.IEnumerable`1&lt;T&gt; Pyxis.Persistance.Filesystem.FilePersistance::GetSome(System.Int32,System.String)</Name>
              <FileRef uid="10" />
              <SequencePoints>
                <SequencePoint vc="2" uspid="310" ordinal="0" offset="0" sl="127" sc="9" el="127" ec="10" bec="0" bev="0" fileid="10" />
                <SequencePoint vc="2" uspid="311" ordinal="1" offset="1" sl="128" sc="13" el="128" ec="51" bec="0" bev="0" fileid="10" />
                <SequencePoint vc="2" uspid="312" ordinal="2" offset="17" sl="129" sc="9" el="129" ec="10" bec="0" bev="0" fileid="10" />
              </SequencePoints>
              <BranchPoints />
              <MethodPoint xsi:type="SequencePoint" vc="2" uspid="310" ordinal="0" offset="0" sl="127" sc="9" el="127" ec="10" bec="0" bev="0" fileid="10" />
            </Method>
            <Method visited="false" cyclomaticComplexity="1" sequenceCoverage="0" branchCoverage="0" isConstructor="false" isStatic="false" isGetter="false" isSetter="false">
              <Summary numSequencePoints="2" visitedSequencePoints="0" numBranchPoints="1" visitedBranchPoints="0" sequenceCoverage="0" branchCoverage="0" maxCyclomaticComplexity="1" minCyclomaticComplexity="1" />
              <MetadataToken>100663367</MetadataToken>
              <Name>System.Collections.Generic.IEnumerable`1&lt;T&gt; Pyxis.Persistance.Filesystem.FilePersistance::Query(System.Collections.Generic.IEnumerable`1&lt;Pyxis.Persistance.QueryElement&gt;,System.String)</Name>
              <FileRef uid="10" />
              <SequencePoints>
                <SequencePoint vc="0" uspid="313" ordinal="0" offset="0" sl="132" sc="9" el="132" ec="10" bec="0" bev="0" fileid="10" />
                <SequencePoint vc="0" uspid="314" ordinal="1" offset="1" sl="133" sc="13" el="133" ec="49" bec="0" bev="0" fileid="10" />
              </SequencePoints>
              <BranchPoints />
              <MethodPoint xsi:type="SequencePoint" vc="0" uspid="313" ordinal="0" offset="0" sl="132" sc="9" el="132" ec="10" bec="0" bev="0" fileid="10" />
            </Method>
            <Method visited="true" cyclomaticComplexity="2" sequenceCoverage="100" branchCoverage="100" isConstructor="false" isStatic="false" isGetter="false" isSetter="false">
              <Summary numSequencePoints="6" visitedSequencePoints="6" numBranchPoints="3" visitedBranchPoints="3" sequenceCoverage="100" branchCoverage="100" maxCyclomaticComplexity="2" minCyclomaticComplexity="2" />
              <MetadataToken>100663368</MetadataToken>
              <Name>System.Void Pyxis.Persistance.Filesystem.FilePersistance::SetContentId(T)</Name>
              <FileRef uid="10" />
              <SequencePoints>
                <SequencePoint vc="30" uspid="315" ordinal="0" offset="0" sl="137" sc="9" el="137" ec="10" bec="0" bev="0" fileid="10" />
                <SequencePoint vc="30" uspid="316" ordinal="1" offset="1" sl="138" sc="13" el="138" ec="50" bec="2" bev="2" fileid="10" />
                <SequencePoint vc="1" uspid="317" ordinal="2" offset="21" sl="139" sc="13" el="139" ec="14" bec="0" bev="0" fileid="10" />
                <SequencePoint vc="1" uspid="318" ordinal="3" offset="22" sl="140" sc="17" el="140" ec="56" bec="0" bev="0" fileid="10" />
                <SequencePoint vc="1" uspid="319" ordinal="4" offset="53" sl="141" sc="13" el="141" ec="14" bec="0" bev="0" fileid="10" />
                <SequencePoint vc="30" uspid="320" ordinal="5" offset="54" sl="142" sc="9" el="142" ec="10" bec="0" bev="0" fileid="10" />
              </SequencePoints>
              <BranchPoints>
                <BranchPoint vc="1" uspid="321" ordinal="0" offset="19" sl="138" path="0" offsetend="21" fileid="10" />
                <BranchPoint vc="29" uspid="322" ordinal="1" offset="19" sl="138" path="1" offsetend="54" fileid="10" />
              </BranchPoints>
              <MethodPoint xsi:type="SequencePoint" vc="30" uspid="315" ordinal="0" offset="0" sl="137" sc="9" el="137" ec="10" bec="0" bev="0" fileid="10" />
            </Method>
            <Method visited="true" cyclomaticComplexity="1" sequenceCoverage="100" branchCoverage="100" isConstructor="false" isStatic="false" isGetter="false" isSetter="false">
              <Summary numSequencePoints="5" visitedSequencePoints="5" numBranchPoints="1" visitedBranchPoints="1" sequenceCoverage="100" branchCoverage="100" maxCyclomaticComplexity="1" minCyclomaticComplexity="1" />
              <MetadataToken>100663369</MetadataToken>
              <Name>System.IO.DirectoryInfo Pyxis.Persistance.Filesystem.FilePersistance::GetContextStorage(System.String)</Name>
              <FileRef uid="10" />
              <SequencePoints>
                <SequencePoint vc="53" uspid="323" ordinal="0" offset="0" sl="145" sc="9" el="145" ec="10" bec="0" bev="0" fileid="10" />
                <SequencePoint vc="53" uspid="324" ordinal="1" offset="1" sl="146" sc="13" el="146" ec="77" bec="0" bev="0" fileid="10" />
                <SequencePoint vc="53" uspid="325" ordinal="2" offset="29" sl="147" sc="13" el="147" ec="89" bec="0" bev="0" fileid="10" />
                <SequencePoint vc="53" uspid="326" ordinal="3" offset="48" sl="148" sc="13" el="148" ec="32" bec="0" bev="0" fileid="10" />
                <SequencePoint vc="53" uspid="327" ordinal="4" offset="52" sl="149" sc="9" el="149" ec="10" bec="0" bev="0" fileid="10" />
              </SequencePoints>
              <BranchPoints />
              <MethodPoint xsi:type="SequencePoint" vc="53" uspid="323" ordinal="0" offset="0" sl="145" sc="9" el="145" ec="10" bec="0" bev="0" fileid="10" />
            </Method>
            <Method visited="true" cyclomaticComplexity="1" sequenceCoverage="100" branchCoverage="100" isConstructor="false" isStatic="false" isGetter="false" isSetter="false">
              <Summary numSequencePoints="5" visitedSequencePoints="5" numBranchPoints="1" visitedBranchPoints="1" sequenceCoverage="100" branchCoverage="100" maxCyclomaticComplexity="1" minCyclomaticComplexity="1" />
              <MetadataToken>100663370</MetadataToken>
              <Name>System.IO.DirectoryInfo Pyxis.Persistance.Filesystem.FilePersistance::CreatePath(System.String,System.String)</Name>
              <FileRef uid="10" />
              <SequencePoints>
                <SequencePoint vc="115" uspid="328" ordinal="0" offset="0" sl="152" sc="9" el="152" ec="10" bec="0" bev="0" fileid="10" />
                <SequencePoint vc="115" uspid="329" ordinal="1" offset="1" sl="153" sc="13" el="153" ec="63" bec="0" bev="0" fileid="10" />
                <SequencePoint vc="115" uspid="330" ordinal="2" offset="9" sl="154" sc="13" el="154" ec="66" bec="0" bev="0" fileid="10" />
                <SequencePoint vc="115" uspid="331" ordinal="3" offset="16" sl="155" sc="13" el="155" ec="28" bec="0" bev="0" fileid="10" />
                <SequencePoint vc="115" uspid="332" ordinal="4" offset="20" sl="156" sc="9" el="156" ec="10" bec="0" bev="0" fileid="10" />
              </SequencePoints>
              <BranchPoints />
              <MethodPoint xsi:type="SequencePoint" vc="115" uspid="328" ordinal="0" offset="0" sl="152" sc="9" el="152" ec="10" bec="0" bev="0" fileid="10" />
            </Method>
          </Methods>
        </Class>
        <Class>
          <Summary numSequencePoints="1" visitedSequencePoints="1" numBranchPoints="1" visitedBranchPoints="1" sequenceCoverage="100" branchCoverage="100" maxCyclomaticComplexity="1" minCyclomaticComplexity="1" />
          <FullName>Pyxis.Persistance.Filesystem.FilePersistance/&lt;&gt;c__4`1</FullName>
          <Methods>
            <Method visited="true" cyclomaticComplexity="1" sequenceCoverage="0" branchCoverage="0" isConstructor="true" isStatic="true" isGetter="false" isSetter="false">
              <Summary numSequencePoints="0" visitedSequencePoints="0" numBranchPoints="0" visitedBranchPoints="0" sequenceCoverage="0" branchCoverage="0" maxCyclomaticComplexity="1" minCyclomaticComplexity="1" />
              <MetadataToken>100663374</MetadataToken>
              <Name>System.Void Pyxis.Persistance.Filesystem.FilePersistance/&lt;&gt;c__4`1::.cctor()</Name>
              <SequencePoints />
              <BranchPoints />
              <MethodPoint vc="2" uspid="333" ordinal="0" offset="0" />
            </Method>
            <Method visited="true" cyclomaticComplexity="1" sequenceCoverage="0" branchCoverage="0" isConstructor="true" isStatic="false" isGetter="false" isSetter="false">
              <Summary numSequencePoints="0" visitedSequencePoints="0" numBranchPoints="0" visitedBranchPoints="0" sequenceCoverage="0" branchCoverage="0" maxCyclomaticComplexity="1" minCyclomaticComplexity="1" />
              <MetadataToken>100663375</MetadataToken>
              <Name>System.Void Pyxis.Persistance.Filesystem.FilePersistance/&lt;&gt;c__4`1::.ctor()</Name>
              <SequencePoints />
              <BranchPoints />
              <MethodPoint vc="2" uspid="334" ordinal="0" offset="0" />
            </Method>
            <Method visited="true" cyclomaticComplexity="1" sequenceCoverage="100" branchCoverage="100" isConstructor="false" isStatic="false" isGetter="false" isSetter="false">
              <Summary numSequencePoints="1" visitedSequencePoints="1" numBranchPoints="1" visitedBranchPoints="1" sequenceCoverage="100" branchCoverage="100" maxCyclomaticComplexity="1" minCyclomaticComplexity="1" />
              <MetadataToken>100663376</MetadataToken>
              <Name>System.Boolean Pyxis.Persistance.Filesystem.FilePersistance/&lt;&gt;c__4`1::&lt;Save&gt;b__4_0(T)</Name>
              <FileRef uid="10" />
              <SequencePoints>
                <SequencePoint vc="15" uspid="335" ordinal="0" offset="0" sl="41" sc="50" el="41" ec="59" bec="0" bev="0" fileid="10" />
              </SequencePoints>
              <BranchPoints />
              <MethodPoint xsi:type="SequencePoint" vc="15" uspid="335" ordinal="0" offset="0" sl="41" sc="50" el="41" ec="59" bec="0" bev="0" fileid="10" />
            </Method>
          </Methods>
        </Class>
      </Classes>
    </Module>
    <Module skippedDueTo="Filter" hash="6D-E2-C1-DC-D0-43-62-D5-0D-26-7F-96-9C-67-32-F2-C7-1C-04-6F">
      <FullName>C:\WINDOWS\Microsoft.Net\assembly\GAC_MSIL\System.Core\v4.0_4.0.0.0__b77a5c561934e089\System.Core.dll</FullName>
      <ModuleName>System.Core</ModuleName>
      <Classes />
    </Module>
    <Module skippedDueTo="Filter" hash="42-62-10-9C-E5-8A-2E-AF-7F-B0-90-73-E4-1A-AB-56-D7-27-42-35">
      <FullName>D:\Backup_Eric\Workspace.hg\Pyxis\Persistance\Main\Pyxis.Persistance.Tests\bin\debug\Newtonsoft.Json.dll</FullName>
      <ModuleName>Newtonsoft.Json</ModuleName>
      <Classes />
    </Module>
    <Module skippedDueTo="Filter" hash="CE-00-FC-74-00-4A-39-A6-92-09-02-14-FE-F5-83-F2-81-BC-DB-AF">
      <FullName>C:\WINDOWS\Microsoft.Net\assembly\GAC_MSIL\System.Numerics\v4.0_4.0.0.0__b77a5c561934e089\System.Numerics.dll</FullName>
      <ModuleName>System.Numerics</ModuleName>
      <Classes />
    </Module>
    <Module skippedDueTo="Filter" hash="CF-AD-A8-7D-83-C3-74-19-7F-52-33-38-66-68-98-BD-CD-17-3B-31">
      <FullName>C:\WINDOWS\Microsoft.Net\assembly\GAC_MSIL\System.Runtime.Serialization\v4.0_4.0.0.0__b77a5c561934e089\System.Runtime.Serialization.dll</FullName>
      <ModuleName>System.Runtime.Serialization</ModuleName>
      <Classes />
    </Module>
    <Module skippedDueTo="Filter" hash="1D-43-36-2D-8B-2E-33-CE-61-DD-23-FB-CF-4A-31-FA-99-EF-8A-A3">
      <FullName>C:\WINDOWS\Microsoft.Net\assembly\GAC_MSIL\System.Xml.Linq\v4.0_4.0.0.0__b77a5c561934e089\System.Xml.Linq.dll</FullName>
      <ModuleName>System.Xml.Linq</ModuleName>
      <Classes />
    </Module>
    <Module skippedDueTo="Filter" hash="73-B8-DD-18-F0-2F-D4-2E-CC-C3-0D-A3-A0-A8-96-CA-A6-AC-2A-B3">
      <FullName>C:\WINDOWS\Microsoft.Net\assembly\GAC_64\System.Data\v4.0_4.0.0.0__b77a5c561934e089\System.Data.dll</FullName>
      <ModuleName>System.Data</ModuleName>
      <Classes />
    </Module>
    <Module skippedDueTo="Filter" hash="01-EA-FB-17-F4-A8-94-DC-19-C3-DC-7D-67-3F-FD-5E-B1-EF-9C-C5">
      <FullName>D:\Backup_Eric\Workspace.hg\Pyxis\Persistance\Main\Pyxis.Persistance.Tests\bin\debug\FluentAssertions.dll</FullName>
      <ModuleName>FluentAssertions</ModuleName>
      <Classes />
    </Module>
    <Module skippedDueTo="Filter" hash="9B-AE-EB-CB-F3-E1-C2-96-D9-57-69-14-0E-06-43-85-4F-77-E0-B9">
      <FullName>D:\Backup_Eric\Workspace.hg\Pyxis\Persistance\Main\Pyxis.Persistance.Tests\bin\debug\FluentAssertions.Core.dll</FullName>
      <ModuleName>FluentAssertions.Core</ModuleName>
      <Classes />
    </Module>
  </Modules>
</CoverageSession>